#
# A fatal error has been detected by the Java Runtime Environment:
#
#  Internal Error (jvmciRuntime.cpp:1609), pid=54, tid=102
#  fatal error: Fatal exception in JVMCI: Error calling jdk.vm.ci.services.Services.serializeSavedProperties
#
# JRE version: OpenJDK Runtime Environment GraalVM CE 22.3.0 (17.0.5+8) (build 17.0.5+8-jvmci-22.3-b08)
# Java VM: OpenJDK 64-Bit Server VM GraalVM CE 22.3.0 (17.0.5+8-jvmci-22.3-b08, mixed mode, sharing, tiered, jvmci, jvmci compiler, compressed oops, compressed class ptrs, parallel gc, linux-amd64)
# Problematic frame:
# V  [libjvm.so+0x972714]  JVMCIRuntime::fatal_exception(JVMCIEnv*, char const*)+0x74
#
# Core dump will be written. Default location: Core dumps may be processed with "/usr/share/apport/apport -p%p -s%s -c%c -d%d -P%P -u%u -g%g -- %E" (or dumping to /home/runner/QUESTAO-5-LISTA-6-DANIEL-PAIVA/core.54)
#
# If you would like to submit a bug report, please visit:
#   https://github.com/oracle/graal/issues
#

---------------  S U M M A R Y ------------

Command Line: -XX:ThreadPriorityPolicy=1 -XX:+UnlockExperimentalVMOptions -XX:+EnableJVMCIProduct -XX:JVMCIThreadsPerNativeLibraryRuntime=1 -XX:-UnlockExperimentalVMOptions -Declipse.application=org.eclipse.jdt.ls.core.id1 -Dosgi.bundles.defaultStartLevel=4 -Declipse.product=org.eclipse.jdt.ls.core.product -Dlog.level=ALL -Xverify:none -XX:+UseParallelGC -XX:GCTimeRatio=4 -XX:AdaptiveSizePolicyWeight=90 -Dsun.zip.disableMemoryMapping=true -Xmx512m -Xms100m /nix/store/q9712qvwdh22a4krw4jz2sjrz07mvjbl-jdt-language-server-1.9.0/share/java/plugins/org.eclipse.equinox.launcher_1.6.400.v20210924-0641.jar --add-modules=ALL-SYSTEM --add-opens java.base/java.util=ALL-UNNAMED --add-opens java.base/java.lang=ALL-UNNAMED -configuration /home/runner/QUESTAO-5-LISTA-6-DANIEL-PAIVA/.cache/jdt-language-server/config -data /home/runner/.cache/jdt-language-server/data/home/runner/QUESTAO-5-LISTA-6-DANIEL-PAIVA

Host: AMD EPYC 7B12, 8 cores, 1G, Ubuntu 20.04.2 LTS
Time: Sat Apr  6 20:17:40 2024 UTC elapsed time: 229.693661 seconds (0d 0h 3m 49s)

---------------  T H R E A D  ---------------

Current thread (0x00007b509c0b1ab0):  JavaThread "JVMCI-native CompilerThread0" daemon [_thread_in_vm, id=102, stack(0x00007b50a061a000,0x00007b50a081a000)]


Current CompileTask:
JVMCI-native: 229698 7692       4       java.util.concurrent.locks.AbstractQueuedSynchronizer::release (19 bytes)

Stack: [0x00007b50a061a000,0x00007b50a081a000],  sp=0x00007b50a0818380,  free space=2040k
Native frames: (J=compiled Java code, j=interpreted, Vv=VM code, C=native code)
V  [libjvm.so+0x972714]  JVMCIRuntime::fatal_exception(JVMCIEnv*, char const*)+0x74
V  [libjvm.so+0x93e2fe]  JVMCIEnv::copy_saved_properties()+0x14e
V  [libjvm.so+0x9732a9]  JVMCIRuntime::initialize(JVMCIEnv*)+0xb19
V  [libjvm.so+0x9738a2]  JVMCIRuntime::get_HotSpotJVMCIRuntime(JVMCIEnv*)+0x12
V  [libjvm.so+0x9749f2]  JVMCIRuntime::compile_method(JVMCIEnv*, JVMCICompiler*, methodHandle const&, int)+0xd2
V  [libjvm.so+0x5b0d20]  CompileBroker::invoke_compiler_on_method(CompileTask*)+0x1470
V  [libjvm.so+0x5b12e8]  CompileBroker::compiler_thread_loop()+0x528
V  [libjvm.so+0xd82460]  JavaThread::thread_main_inner()+0xd0
V  [libjvm.so+0xd85a40]  Thread::call_run()+0xc0
V  [libjvm.so+0xbdb1e1]  thread_native_entry(Thread*)+0xe1

Register to memory mapping:

RAX=0x00007b50a36e1000 points into unknown readable memory: 0x0000000000000058 | 58 00 00 00 00 00 00 00
RBX=0x00007b50a47dc398: <offset 0x0000000000ef5398> in /nix/store/gpxl5qgg8kicmcvivwmybwjlpf7wh20l-graalvm17-ce-22.3.0/lib/server/libjvm.so at 0x00007b50a38e7000
RCX=0x00007b50a47941e8: <offset 0x0000000000ead1e8> in /nix/store/gpxl5qgg8kicmcvivwmybwjlpf7wh20l-graalvm17-ce-22.3.0/lib/server/libjvm.so at 0x00007b50a38e7000
RDX=0x0000000000000649 is an unknown value
RSP=0x00007b50a0818380 is pointing into the stack for thread: 0x00007b509c0b1ab0
RBP=0x00007b50a08183a0 is pointing into the stack for thread: 0x00007b509c0b1ab0
RSI=0x00007b50a47dcc48: <offset 0x0000000000ef5c48> in /nix/store/gpxl5qgg8kicmcvivwmybwjlpf7wh20l-graalvm17-ce-22.3.0/lib/server/libjvm.so at 0x00007b50a38e7000
RDI=0x00000000e0000000 is an oop: [B 
{0x00000000e0000000} - klass: {type array byte}
 - length: 44
R8 =0x00007b50a47dc398: <offset 0x0000000000ef5398> in /nix/store/gpxl5qgg8kicmcvivwmybwjlpf7wh20l-graalvm17-ce-22.3.0/lib/server/libjvm.so at 0x00007b50a38e7000
R9 =0x00007b50a0818330 is pointing into the stack for thread: 0x00007b509c0b1ab0
R10=0x00007b50a0819948 is pointing into the stack for thread: 0x00007b509c0b1ab0
R11=0x0000000000000293 is an unknown value
R12=0x0 is NULL
R13=0x00007b509c0b1ab0 is a thread
R14=0x00007b509c000b80 points into unknown readable memory: 0x00007b50a4a0da38 | 38 da a0 a4 50 7b 00 00
R15=0x00007b50a4b1be40: <offset 0x0000000001234e40> in /nix/store/gpxl5qgg8kicmcvivwmybwjlpf7wh20l-graalvm17-ce-22.3.0/lib/server/libjvm.so at 0x00007b50a38e7000


Registers:
RAX=0x00007b50a36e1000, RBX=0x00007b50a47dc398, RCX=0x00007b50a47941e8, RDX=0x0000000000000649
RSP=0x00007b50a0818380, RBP=0x00007b50a08183a0, RSI=0x00007b50a47dcc48, RDI=0x00000000e0000000
R8 =0x00007b50a47dc398, R9 =0x00007b50a0818330, R10=0x00007b50a0819948, R11=0x0000000000000293
R12=0x0000000000000000, R13=0x00007b509c0b1ab0, R14=0x00007b509c000b80, R15=0x00007b50a4b1be40
RIP=0x00007b50a4259714, EFLAGS=0x0000000000010206, CSGSFS=0x002b000000000033, ERR=0x0000000000000006
  TRAPNO=0x000000000000000e

Top of Stack: (sp=0x00007b50a0818380)
0x00007b50a0818380:   00007b50a0818940 00007b509c0b1ab0
0x00007b50a0818390:   00007b50a208d8a0 0000000800c52c10
0x00007b50a08183a0:   00007b50a0818500 00007b50a42252fe
0x00007b50a08183b0:   00007b50a08183e0 00007b50a0818440 

Instructions: (pc=0x00007b50a4259714)
0x00007b50a4259614:   30 e8 f6 cf e8 ff 4c 89 e7 e8 2e 48 d1 ff 84 db
0x00007b50a4259624:   75 2a 4d 85 ed 74 04 4d 8b 6d 00 48 83 c4 08 44
0x00007b50a4259634:   89 f9 4c 89 f2 4c 89 ee 5b 4c 89 e7 41 5c 41 5d
0x00007b50a4259644:   41 5e 41 5f 5d e9 e2 47 d1 ff 66 90 48 83 c4 08
0x00007b50a4259654:   5b 41 5c 41 5d 41 5e 41 5f 5d c3 90 31 d2 be 08
0x00007b50a4259664:   00 00 00 4c 89 ff e8 b1 78 a3 ff 49 89 c5 e9 37
0x00007b50a4259674:   ff ff ff 66 0f 1f 84 00 00 00 00 00 48 8b 7a 08
0x00007b50a4259684:   e9 6d ff ff ff 0f 1f 80 00 00 00 00 e8 5b 48 0a
0x00007b50a4259694:   00 84 c0 75 89 e9 6a ff ff ff 66 90 55 48 89 e5
0x00007b50a42596a4:   41 56 41 55 41 54 49 89 fc 53 48 89 f3 66 48 8d
0x00007b50a42596b4:   3d 27 5e 85 00 66 66 48 e8 df 43 8d ff 4c 8b 28
0x00007b50a42596c4:   8b 05 be 72 8a 00 85 c0 75 14 ba 01 00 00 00 48
0x00007b50a42596d4:   8d 0d ae 72 8a 00 f0 0f b1 11 85 c0 74 4e be c8
0x00007b50a42596e4:   00 00 00 4c 89 ef e8 01 0b 41 00 48 8d 05 12 ac
0x00007b50a42596f4:   85 00 49 89 d8 48 8d 0d e8 aa 53 00 ba 49 06 00
0x00007b50a4259704:   00 48 8d 35 3c 35 58 00 bf 00 00 00 e0 48 8b 00
0x00007b50a4259714:   c6 00 58 31 c0 e8 e2 91 c6 ff 5b 41 5c 41 5d 41
0x00007b50a4259724:   5e 5d e9 55 34 26 00 0f 1f 44 00 00 48 8d 05 81
0x00007b50a4259734:   a3 8b 00 48 89 df 4c 8b 30 e8 9e 43 8d ff 48 89
0x00007b50a4259744:   de 48 89 c2 49 8b 06 4c 89 f7 ff 50 08 4c 89 f7
0x00007b50a4259754:   e8 a7 5c 27 00 4d 85 e4 74 12 be 01 00 00 00 4c
0x00007b50a4259764:   89 e7 e8 35 43 fc ff eb 82 0f 1f 00 be 01 00 00
0x00007b50a4259774:   00 4c 89 ef e8 d3 fd ff ff e9 6d ff ff ff 66 66
0x00007b50a4259784:   2e 0f 1f 84 00 00 00 00 00 0f 1f 00 55 48 89 e5
0x00007b50a4259794:   41 57 41 56 41 55 41 54 53 48 81 ec 08 02 00 00
0x00007b50a42597a4:   64 48 8b 04 25 28 00 00 00 48 89 45 c8 8b 07 83
0x00007b50a42597b4:   f8 02 0f 84 11 04 00 00 4c 8b 6f 18 49 89 ff 49
0x00007b50a42597c4:   89 f4 4d 85 ed 74 14 4c 89 ef e8 5d 57 22 00 41
0x00007b50a42597d4:   8b 07 83 f8 02 0f 84 19 04 00 00 48 8d 1d 9a 06
0x00007b50a42597e4:   8a 00 4c 8d 35 0b 3c 58 00 eb 38 90 48 85 d2 7f
0x00007b50a42597f4:   0d 48 8d 05 b4 c0 85 00 48 83 38 00 7e 0e 41 8b
0x00007b50a4259804:   77 2c 4c 89 f7 31 c0 e8 a0 b2 f7 ff 49 8b 7f 18 


Stack slot to memory mapping:
stack at sp + 0 slots: 0x00007b50a0818940 is pointing into the stack for thread: 0x00007b509c0b1ab0
stack at sp + 1 slots: 0x00007b509c0b1ab0 is a thread
stack at sp + 2 slots: 0x00007b50a208d8a0 points into unknown readable memory: 0x657300184813ffff | ff ff 13 48 18 00 73 65
stack at sp + 3 slots: 0x0000000800c52c10 is a pointer to class: 
jdk.vm.ci.services.Services {0x0000000800c52c10}
 - instance size:     2
 - klass size:        65
 - access:            public final synchronized 
 - state:             fully_initialized
 - name:              'jdk/vm/ci/services/Services'
 - super:             'java/lang/Object'
 - sub:               
 - arrays:            NULL
 - methods:           Array<T>(0x00007b50a10ea5d8)
 - method ordering:   Array<T>(0x0000000800928960)
 - default_methods:   Array<T>(0x0000000000000000)
 - local interfaces:  Array<T>(0x00000008005ce810)
 - trans. interfaces: Array<T>(0x00000008005ce810)
 - constants:         constant pool [427] {0x00007b50a10e96b8} for 'jdk/vm/ci/services/Services' cache=0x00007b50a10eb8a8
 - class loader data:  loader data: 0x00007b509c027bd0 of 'bootstrap'
 - source file:       'Services.java'
 - class annotations:       Array<T>(0x0000000000000000)
 - class type annotations:  Array<T>(0x0000000000000000)
 - field annotations:       Array<T>(0x0000000000000000)
 - field type annotations:  Array<T>(0x0000000000000000)
 - inner classes:     Array<T>(0x00007b50a10eb878)
 - nest members:     Array<T>(0x00007b50a10eb898)
 - permitted subclasses:     Array<T>(0x00000008005ce7a0)
 - java mirror:       a 'java/lang/Class'{0x00000000e02b4260} = 'jdk/vm/ci/services/Services'
 - vtable length      5  (start addr: 0x0000000800c52de0)
 - itable length      2 (start addr: 0x0000000800c52e08)
 - ---- static fields (3 words):
 - public static final 'IS_BUILDING_NATIVE_IMAGE' 'Z' @128 
 - public static final 'IS_IN_NATIVE_IMAGE' 'Z' @129 
 - private static volatile 'savedProperties' 'Ljava/util/Map;' @112 
 - static final 'JVMCI_ENABLED' 'Z' @130 
 - private static final 'servicesCache' 'Ljava/util/Map;' @116 
 - private static final 'MAX_UNICODE_IN_UTF8_LENGTH' 'I' @120 
 - private static final 'MAX_UTF8_PROPERTY_STRING_LENGTH' 'I' @124 
 - ---- non-static fields (0 words):
 - non-static oop maps: 
stack at sp + 4 slots: 0x00007b50a0818500 is pointing into the stack for thread: 0x00007b509c0b1ab0
stack at sp + 5 slots: 0x00007b50a42252fe: <offset 0x000000000093e2fe> in /nix/store/gpxl5qgg8kicmcvivwmybwjlpf7wh20l-graalvm17-ce-22.3.0/lib/server/libjvm.so at 0x00007b50a38e7000
stack at sp + 6 slots: 0x00007b50a08183e0 is pointing into the stack for thread: 0x00007b509c0b1ab0
stack at sp + 7 slots: 0x00007b50a0818440 is pointing into the stack for thread: 0x00007b509c0b1ab0


---------------  P R O C E S S  ---------------

Threads class SMR info:
_java_thread_list=0x00007b5010004c70, length=22, elements={
0x00007b509c025e70, 0x00007b509c0a5d90, 0x00007b509c0a71d0, 0x00007b509c0ad920,
0x00007b509c0aecd0, 0x00007b509c0b00c0, 0x00007b509c0b1ab0, 0x00007b509c0b2fc0,
0x00007b509c0b4410, 0x00007b509c0d7d00, 0x00007b509c11fc50, 0x00007b509c2cdcb0,
0x00007b509c307230, 0x00007b509c316600, 0x00007b5030032e40, 0x00007b5030435af0,
0x00007b50304c5d60, 0x00007b50200010d0, 0x00007b503064f5b0, 0x00007b50307fb640,
0x00007b5024001300, 0x00007b509c3fa220
}

Java Threads: ( => current thread )
  0x00007b509c025e70 JavaThread "main" [_thread_blocked, id=94, stack(0x00007b50a3702000,0x00007b50a3802000)]
  0x00007b509c0a5d90 JavaThread "Reference Handler" daemon [_thread_blocked, id=97, stack(0x00007b50a0f00000,0x00007b50a1000000)]
  0x00007b509c0a71d0 JavaThread "Finalizer" daemon [_thread_blocked, id=98, stack(0x00007b50a0e00000,0x00007b50a0f00000)]
  0x00007b509c0ad920 JavaThread "Signal Dispatcher" daemon [_thread_blocked, id=99, stack(0x00007b50a0a1a000,0x00007b50a0b1a000)]
  0x00007b509c0aecd0 JavaThread "Service Thread" daemon [_thread_blocked, id=100, stack(0x00007b50a091a000,0x00007b50a0a1a000)]
  0x00007b509c0b00c0 JavaThread "Monitor Deflation Thread" daemon [_thread_blocked, id=101, stack(0x00007b50a081a000,0x00007b50a091a000)]
=>0x00007b509c0b1ab0 JavaThread "JVMCI-native CompilerThread0" daemon [_thread_in_vm, id=102, stack(0x00007b50a061a000,0x00007b50a081a000)]
  0x00007b509c0b2fc0 JavaThread "C1 CompilerThread0" daemon [_thread_blocked, id=103, stack(0x00007b50a041a000,0x00007b50a061a000)]
  0x00007b509c0b4410 JavaThread "Sweeper thread" daemon [_thread_blocked, id=104, stack(0x00007b50a031a000,0x00007b50a041a000)]
  0x00007b509c0d7d00 JavaThread "Common-Cleaner" daemon [_thread_blocked, id=105, stack(0x00007b50a021a000,0x00007b50a031a000)]
  0x00007b509c11fc50 JavaThread "Notification Thread" daemon [_thread_blocked, id=106, stack(0x00007b50a011a000,0x00007b50a021a000)]
  0x00007b509c2cdcb0 JavaThread "Active Thread: Equinox Container: 18153cdc-8e80-4b9f-a1fa-bff542af422d" [_thread_blocked, id=113, stack(0x00007b5080f00000,0x00007b5081000000)]
  0x00007b509c307230 JavaThread "Framework Event Dispatcher: Equinox Container: 18153cdc-8e80-4b9f-a1fa-bff542af422d" daemon [_thread_blocked, id=114, stack(0x00007b5080d00000,0x00007b5080e00000)]
  0x00007b509c316600 JavaThread "Start Level: Equinox Container: 18153cdc-8e80-4b9f-a1fa-bff542af422d" daemon [_thread_blocked, id=115, stack(0x00007b5080b00000,0x00007b5080c00000)]
  0x00007b5030032e40 JavaThread "SCR Component Actor" daemon [_thread_blocked, id=119, stack(0x00007b5080900000,0x00007b5080a00000)]
  0x00007b5030435af0 JavaThread "Worker-JM" [_thread_blocked, id=121, stack(0x00007b5080500000,0x00007b5080600000)]
  0x00007b50304c5d60 JavaThread "Worker-0" [_thread_blocked, id=124, stack(0x00007b5080300000,0x00007b5080400000)]
  0x00007b50200010d0 JavaThread "Worker-1: Java indexing... " [_thread_blocked, id=126, stack(0x00007b5080100000,0x00007b5080200000)]
  0x00007b503064f5b0 JavaThread "Java indexing" daemon [_thread_blocked, id=127, stack(0x00007b504ad00000,0x00007b504ae00000)]
  0x00007b50307fb640 JavaThread "Bundle File Closer" daemon [_thread_blocked, id=128, stack(0x00007b504ab00000,0x00007b504ac00000)]
  0x00007b5024001300 JavaThread "Worker-2" [_thread_blocked, id=133, stack(0x00007b504a900000,0x00007b504aa00000)]
  0x00007b509c3fa220 JavaThread "pool-2-thread-1" [_thread_blocked, id=134, stack(0x00007b504a700000,0x00007b504a800000)]

Other Threads:
  0x00007b509c0a14d0 VMThread "VM Thread" [stack: 0x00007b50a181b000,0x00007b50a191b000] [id=96] _threads_hazard_ptr=0x00007b5010004c70
  0x00007b509c1219e0 WatcherThread [stack: 0x00007b50a001a000,0x00007b50a011a000] [id=107]
  0x00007b509c03d780 GCTaskThread "GC Thread#0" [stack: 0x00007b50a32c5000,0x00007b50a33c5000] [id=95]

Threads with active compile tasks:
JVMCI-native CompilerThread0   229781 7692       4       java.util.concurrent.locks.AbstractQueuedSynchronizer::release (19 bytes)

VM state: synchronizing (normal execution)

VM Mutex/Monitor currently owned by a thread:  ([mutex/lock_event])
[0x00007b509c022fc0] Threads_lock - owner thread: 0x00007b509c0a14d0
[0x00007b509c023770] Heap_lock - owner thread: 0x00007b503064f5b0

OutOfMemory and StackOverflow Exception counts:
OutOfMemoryError java_heap_errors=15
LinkageErrors=57

Heap address: 0x00000000e0000000, size: 512 MB, Compressed Oops mode: 32-bit

CDS archive(s) mapped at: [0x0000000800000000-0x0000000800bc8000-0x0000000800bc8000), size 12353536, SharedBaseAddress: 0x0000000800000000, ArchiveRelocationMode: 0.
Compressed class space mapped at: 0x0000000800c00000-0x0000000840c00000, reserved size: 1073741824
Narrow klass base: 0x0000000800000000, Narrow klass shift: 0, Narrow klass range: 0x100000000

GC Precious Log:
 CPUs: 8 total, 1 available
 Memory: 1024M
 Large Page Support: Disabled
 NUMA Support: Disabled
 Compressed Oops: Enabled (32-bit)
 Alignments: Space 512K, Generation 512K, Heap 2M
 Heap Min Capacity: 100M
 Heap Initial Capacity: 100M
 Heap Max Capacity: 512M
 Pre-touch: Disabled
 Parallel Workers: 1

Heap:
 PSYoungGen      total 39424K, used 25088K [0x00000000f5580000, 0x00000000f9180000, 0x0000000100000000)
  eden space 25088K, 100% used [0x00000000f5580000,0x00000000f6e00000,0x00000000f6e00000)
  from space 14336K, 0% used [0x00000000f6e00000,0x00000000f6e00000,0x00000000f7c00000)
  to   space 16384K, 0% used [0x00000000f8180000,0x00000000f8180000,0x00000000f9180000)
 ParOldGen       total 349696K, used 349695K [0x00000000e0000000, 0x00000000f5580000, 0x00000000f5580000)
  object space 349696K, 99% used [0x00000000e0000000,0x00000000f557fd08,0x00000000f5580000)
 Metaspace       used 53843K, committed 54976K, reserved 1105920K
  class space    used 5368K, committed 5760K, reserved 1048576K

Card table byte_map: [0x00007b50a33c5000,0x00007b50a34c6000] _byte_map_base: 0x00007b50a2cc5000

Marking Bits: (ParMarkBitMap*) 0x00007b50a4b154c0
 Begin Bits: [0x00007b50a2218000, 0x00007b50a2a18000)
 End Bits:   [0x00007b50a2a18000, 0x00007b50a3218000)

Polling page: 0x00007b50a36df000

Metaspace:

Usage:
  Non-class:     47.34 MB used.
      Class:      5.24 MB used.
       Both:     52.58 MB used.

Virtual space:
  Non-class space:       56.00 MB reserved,      48.06 MB ( 86%) committed,  7 nodes.
      Class space:        1.00 GB reserved,       5.62 MB ( <1%) committed,  1 nodes.
             Both:        1.05 GB reserved,      53.69 MB (  5%) committed. 

Chunk freelists:
   Non-Class:  4.11 MB
       Class:  2.45 MB
        Both:  6.56 MB

MaxMetaspaceSize: unlimited
CompressedClassSpaceSize: 1.00 GB
Initial GC threshold: 21.00 MB
Current GC threshold: 89.38 MB
CDS: on
MetaspaceReclaimPolicy: balanced
 - commit_granule_bytes: 65536.
 - commit_granule_words: 8192.
 - virtual_space_node_default_size: 1048576.
 - enlarge_chunks_in_place: 1.
 - new_chunks_are_fully_committed: 0.
 - uncommit_free_chunks: 1.
 - use_allocation_guard: 0.
 - handle_deallocations: 1.


Internal statistics:

num_allocs_failed_limit: 6.
num_arena_births: 466.
num_arena_deaths: 146.
num_vsnodes_births: 8.
num_vsnodes_deaths: 0.
num_space_committed: 858.
num_space_uncommitted: 0.
num_chunks_returned_to_freelist: 207.
num_chunks_taken_from_freelist: 2531.
num_chunk_merges: 87.
num_chunk_splits: 1653.
num_chunks_enlarged: 1053.
num_purges: 2.
num_inconsistent_stats: 0.

CodeHeap 'non-profiled nmethods': size=120036Kb used=2617Kb max_used=2617Kb free=117418Kb
 bounds [0x00007b508af7a000, 0x00007b508b20a000, 0x00007b50924b3000]
CodeHeap 'profiled nmethods': size=120032Kb used=13943Kb max_used=13943Kb free=106088Kb
 bounds [0x00007b5083a42000, 0x00007b50847e2000, 0x00007b508af7a000]
CodeHeap 'non-nmethods': size=5692Kb used=1352Kb max_used=1364Kb free=4340Kb
 bounds [0x00007b50834b3000, 0x00007b5083723000, 0x00007b5083a42000]
 total_blobs=7290 nmethods=6606 adapters=598
 compilation: enabled
              stopped_count=0, restarted_count=0
 full_count=0

JVMCI Events (20 events):
Event: 45.106 Thread 0x00007b509c0b1ab0 compacted oop handles in JVMCI runtime 0 from 155 to 87
Event: 45.113 Thread 0x00007b509c0b1ab0 compacted oop handles in JVMCI runtime 0 from 125 to 122
Event: 45.376 Thread 0x00007b509c0b1ab0 compacted oop handles in JVMCI runtime 0 from 135 to 90
Event: 45.380 Thread 0x00007b509c0b1ab0 compacted oop handles in JVMCI runtime 0 from 92 to 83
Event: 45.501 Thread 0x00007b509c0b1ab0 compacted oop handles in JVMCI runtime 0 from 92 to 91
Event: 45.507 Thread 0x00007b509c0b1ab0 compacted oop handles in JVMCI runtime 0 from 98 to 95
Event: 45.507 Thread 0x00007b509c0b1ab0 compacted oop handles in JVMCI runtime 0 from 96 to 84
Event: 45.508 Thread 0x00007b509c0b1ab0 compacted oop handles in JVMCI runtime 0 from 91 to 90
Event: 45.569 Thread 0x00007b509c0b1ab0 compacted oop handles in JVMCI runtime 0 from 103 to 102
Event: 46.910 Thread 0x00007b509c0b1ab0 detaching from JVMCI runtime 0: releasing idle compiler thread (0 other threads still attached)
Event: 46.910 Thread 0x00007b509c0b1ab0 shutting down HotSpotJVMCIRuntime for JVMCI runtime 0
Event: 46.910 Thread 0x00007b509c0b1ab0 shut down JVMCI runtime 0
Event: 46.916 Thread 0x00007b509c0b1ab0 destroyed JavaVM[1]@0x00007b504ba9e340 for JVMCI runtime 0
Event: 46.916 Thread 0x00007b509c0b1ab0 compacted oop handles in JVMCI runtime 0 from 102 to 102
Event: 46.916 Thread 0x00007b509c0b1ab0 releasing handles for JVMCI runtime 0: oop handles=102, metadata handles={total=1024, live=764, blocks=32}
Event: 46.916 Thread 0x00007b509c0b1ab0 detached from JVMCI runtime 0
Event: 184.967 Thread 0x00007b509c0b1ab0 attached to JVMCI runtime 0
Event: 184.968 Thread 0x00007b509c0b1ab0 created JavaVM[2]@0x00007b5049d9e340 for JVMCI runtime 0
Event: 184.968 Thread 0x00007b509c0b1ab0 initializing JVMCI runtime 0
Event: 184.968 Thread 0x00007b509c0b1ab0 done waiting for JavaVM references initialization in JVMCI runtime 0

Compilation events (20 events):
Event: 45.507 Thread 0x00007b509c0b1ab0 nmethod 6823 0x00007b508b206390 code [0x00007b508b206520, 0x00007b508b206a00]
Event: 45.507 Thread 0x00007b509c0b1ab0 6509       4       com.google.inject.Key$AnnotationInstanceStrategy::getAnnotationType (10 bytes)
Event: 45.508 Thread 0x00007b509c0b1ab0 nmethod 6509 0x00007b508b206d10 code [0x00007b508b206e80, 0x00007b508b206ef0]
Event: 45.508 Thread 0x00007b509c0b1ab0 5260       4       com.google.inject.internal.CycleDetectingLock$CycleDetectingLockFactory::access$100 (4 bytes)
Event: 45.508 Thread 0x00007b509c0b1ab0 nmethod 5260 0x00007b508b207010 code [0x00007b508b207180, 0x00007b508b2071a8]
Event: 45.508 Thread 0x00007b509c0b1ab0 7423       4       org.eclipse.jdt.internal.core.PackageFragmentRoot::getPath (5 bytes)
Event: 45.509 Thread 0x00007b509c0b1ab0 nmethod 7423 0x00007b508b207310 code [0x00007b508b207480, 0x00007b508b2074e0]
Event: 45.509 Thread 0x00007b509c0b1ab0 6784       4       java.util.Collections$UnmodifiableCollection::contains (11 bytes)
Event: 45.509 Thread 0x00007b509c0b1ab0 nmethod 6784 0x00007b508b207610 code [0x00007b508b207780, 0x00007b508b2077f0]
Event: 45.509 Thread 0x00007b509c0b1ab0 5413       4       org.eclipse.jdt.core.search.SearchDocument::addIndexEntry (21 bytes)
Event: 45.569 Thread 0x00007b509c0b1ab0 nmethod 5413 0x00007b508b207910 code [0x00007b508b207aa0, 0x00007b508b207bc0]
Event: 45.569 Thread 0x00007b509c0b1ab0 5414       4       org.eclipse.jdt.internal.core.index.Index::addIndexEntry (11 bytes)
Event: 45.570 Thread 0x00007b509c0b1ab0 nmethod 5414 0x00007b508b207d90 code [0x00007b508b207f20, 0x00007b508b207fb0]
Event: 49.799 Thread 0x00007b509c0b2fc0 7687       1       java.util.concurrent.atomic.AtomicInteger::get (5 bytes)
Event: 49.799 Thread 0x00007b509c0b2fc0 nmethod 7687 0x00007b508b208090 code [0x00007b508b208220, 0x00007b508b2082f0]
Event: 133.121 Thread 0x00007b509c0b2fc0 7688       3       java.text.Format::<init> (5 bytes)
Event: 134.071 Thread 0x00007b509c0b2fc0 nmethod 7688 0x00007b50847df510 code [0x00007b50847df6c0, 0x00007b50847df810]
Event: 154.684 Thread 0x00007b509c0b2fc0 7689       3       com.google.gson.internal.$Gson$Preconditions::checkArgument (13 bytes)
Event: 154.684 Thread 0x00007b509c0b2fc0 nmethod 7689 0x00007b50847df910 code [0x00007b50847dfac0, 0x00007b50847dfc60]
Event: 184.967 Thread 0x00007b509c0b1ab0 7692       4       java.util.concurrent.locks.AbstractQueuedSynchronizer::release (19 bytes)

GC Heap History (20 events):
Event: 220.079 GC heap before
{Heap before GC invocations=280 (full 189):
 PSYoungGen      total 39424K, used 25087K [0x00000000f5580000, 0x00000000f9180000, 0x0000000100000000)
  eden space 25088K, 99% used [0x00000000f5580000,0x00000000f6dffff8,0x00000000f6e00000)
  from space 14336K, 0% used [0x00000000f6e00000,0x00000000f6e00000,0x00000000f7c00000)
  to   space 16384K, 0% used [0x00000000f8180000,0x00000000f8180000,0x00000000f9180000)
 ParOldGen       total 349696K, used 349696K [0x00000000e0000000, 0x00000000f5580000, 0x00000000f5580000)
  object space 349696K, 100% used [0x00000000e0000000,0x00000000f5580000,0x00000000f5580000)
 Metaspace       used 53839K, committed 54976K, reserved 1105920K
  class space    used 5367K, committed 5760K, reserved 1048576K
}
Event: 220.988 GC heap after
{Heap after GC invocations=280 (full 189):
 PSYoungGen      total 41472K, used 25087K [0x00000000f5580000, 0x00000000f9180000, 0x0000000100000000)
  eden space 25088K, 99% used [0x00000000f5580000,0x00000000f6dfffe8,0x00000000f6e00000)
  from space 16384K, 0% used [0x00000000f8180000,0x00000000f8180000,0x00000000f9180000)
  to   space 14336K, 0% used [0x00000000f6e00000,0x00000000f6e00000,0x00000000f7c00000)
 ParOldGen       total 349696K, used 349696K [0x00000000e0000000, 0x00000000f5580000, 0x00000000f5580000)
  object space 349696K, 100% used [0x00000000e0000000,0x00000000f5580000,0x00000000f5580000)
 Metaspace       used 53839K, committed 54976K, reserved 1105920K
  class space    used 5367K, committed 5760K, reserved 1048576K
}
Event: 220.988 GC heap before
{Heap before GC invocations=281 (full 190):
 PSYoungGen      total 41472K, used 25087K [0x00000000f5580000, 0x00000000f9180000, 0x0000000100000000)
  eden space 25088K, 99% used [0x00000000f5580000,0x00000000f6dffff8,0x00000000f6e00000)
  from space 16384K, 0% used [0x00000000f8180000,0x00000000f8180000,0x00000000f9180000)
  to   space 14336K, 0% used [0x00000000f6e00000,0x00000000f6e00000,0x00000000f7c00000)
 ParOldGen       total 349696K, used 349696K [0x00000000e0000000, 0x00000000f5580000, 0x00000000f5580000)
  object space 349696K, 100% used [0x00000000e0000000,0x00000000f5580000,0x00000000f5580000)
 Metaspace       used 53839K, committed 54976K, reserved 1105920K
  class space    used 5367K, committed 5760K, reserved 1048576K
}
Event: 221.912 GC heap after
{Heap after GC invocations=281 (full 190):
 PSYoungGen      total 39424K, used 25087K [0x00000000f5580000, 0x00000000f9180000, 0x0000000100000000)
  eden space 25088K, 99% used [0x00000000f5580000,0x00000000f6dfffe8,0x00000000f6e00000)
  from space 14336K, 0% used [0x00000000f6e00000,0x00000000f6e00000,0x00000000f7c00000)
  to   space 16384K, 0% used [0x00000000f8180000,0x00000000f8180000,0x00000000f9180000)
 ParOldGen       total 349696K, used 349696K [0x00000000e0000000, 0x00000000f5580000, 0x00000000f5580000)
  object space 349696K, 100% used [0x00000000e0000000,0x00000000f5580000,0x00000000f5580000)
 Metaspace       used 53839K, committed 54976K, reserved 1105920K
  class space    used 5367K, committed 5760K, reserved 1048576K
}
Event: 221.912 GC heap before
{Heap before GC invocations=282 (full 191):
 PSYoungGen      total 39424K, used 25087K [0x00000000f5580000, 0x00000000f9180000, 0x0000000100000000)
  eden space 25088K, 99% used [0x00000000f5580000,0x00000000f6dffff8,0x00000000f6e00000)
  from space 14336K, 0% used [0x00000000f6e00000,0x00000000f6e00000,0x00000000f7c00000)
  to   space 16384K, 0% used [0x00000000f8180000,0x00000000f8180000,0x00000000f9180000)
 ParOldGen       total 349696K, used 349696K [0x00000000e0000000, 0x00000000f5580000, 0x00000000f5580000)
  object space 349696K, 100% used [0x00000000e0000000,0x00000000f5580000,0x00000000f5580000)
 Metaspace       used 53839K, committed 54976K, reserved 1105920K
  class space    used 5367K, committed 5760K, reserved 1048576K
}
Event: 222.909 GC heap after
{Heap after GC invocations=282 (full 191):
 PSYoungGen      total 41472K, used 25087K [0x00000000f5580000, 0x00000000f9180000, 0x0000000100000000)
  eden space 25088K, 99% used [0x00000000f5580000,0x00000000f6dfffe8,0x00000000f6e00000)
  from space 16384K, 0% used [0x00000000f8180000,0x00000000f8180000,0x00000000f9180000)
  to   space 14336K, 0% used [0x00000000f6e00000,0x00000000f6e00000,0x00000000f7c00000)
 ParOldGen       total 349696K, used 349696K [0x00000000e0000000, 0x00000000f5580000, 0x00000000f5580000)
  object space 349696K, 100% used [0x00000000e0000000,0x00000000f5580000,0x00000000f5580000)
 Metaspace       used 53839K, committed 54976K, reserved 1105920K
  class space    used 5367K, committed 5760K, reserved 1048576K
}
Event: 222.909 GC heap before
{Heap before GC invocations=283 (full 192):
 PSYoungGen      total 41472K, used 25088K [0x00000000f5580000, 0x00000000f9180000, 0x0000000100000000)
  eden space 25088K, 100% used [0x00000000f5580000,0x00000000f6e00000,0x00000000f6e00000)
  from space 16384K, 0% used [0x00000000f8180000,0x00000000f8180000,0x00000000f9180000)
  to   space 14336K, 0% used [0x00000000f6e00000,0x00000000f6e00000,0x00000000f7c00000)
 ParOldGen       total 349696K, used 349696K [0x00000000e0000000, 0x00000000f5580000, 0x00000000f5580000)
  object space 349696K, 100% used [0x00000000e0000000,0x00000000f5580000,0x00000000f5580000)
 Metaspace       used 53839K, committed 54976K, reserved 1105920K
  class space    used 5367K, committed 5760K, reserved 1048576K
}
Event: 223.867 GC heap after
{Heap after GC invocations=283 (full 192):
 PSYoungGen      total 39424K, used 25088K [0x00000000f5580000, 0x00000000f9180000, 0x0000000100000000)
  eden space 25088K, 100% used [0x00000000f5580000,0x00000000f6e00000,0x00000000f6e00000)
  from space 14336K, 0% used [0x00000000f6e00000,0x00000000f6e00000,0x00000000f7c00000)
  to   space 16384K, 0% used [0x00000000f8180000,0x00000000f8180000,0x00000000f9180000)
 ParOldGen       total 349696K, used 349696K [0x00000000e0000000, 0x00000000f5580000, 0x00000000f5580000)
  object space 349696K, 100% used [0x00000000e0000000,0x00000000f5580000,0x00000000f5580000)
 Metaspace       used 53839K, committed 54976K, reserved 1105920K
  class space    used 5367K, committed 5760K, reserved 1048576K
}
Event: 223.867 GC heap before
{Heap before GC invocations=284 (full 193):
 PSYoungGen      total 39424K, used 25088K [0x00000000f5580000, 0x00000000f9180000, 0x0000000100000000)
  eden space 25088K, 100% used [0x00000000f5580000,0x00000000f6e00000,0x00000000f6e00000)
  from space 14336K, 0% used [0x00000000f6e00000,0x00000000f6e00000,0x00000000f7c00000)
  to   space 16384K, 0% used [0x00000000f8180000,0x00000000f8180000,0x00000000f9180000)
 ParOldGen       total 349696K, used 349696K [0x00000000e0000000, 0x00000000f5580000, 0x00000000f5580000)
  object space 349696K, 100% used [0x00000000e0000000,0x00000000f5580000,0x00000000f5580000)
 Metaspace       used 53839K, committed 54976K, reserved 1105920K
  class space    used 5367K, committed 5760K, reserved 1048576K
}
Event: 224.808 GC heap after
{Heap after GC invocations=284 (full 193):
 PSYoungGen      total 41472K, used 25088K [0x00000000f5580000, 0x00000000f9180000, 0x0000000100000000)
  eden space 25088K, 100% used [0x00000000f5580000,0x00000000f6e00000,0x00000000f6e00000)
  from space 16384K, 0% used [0x00000000f8180000,0x00000000f8180000,0x00000000f9180000)
  to   space 14336K, 0% used [0x00000000f6e00000,0x00000000f6e00000,0x00000000f7c00000)
 ParOldGen       total 349696K, used 349696K [0x00000000e0000000, 0x00000000f5580000, 0x00000000f5580000)
  object space 349696K, 100% used [0x00000000e0000000,0x00000000f5580000,0x00000000f5580000)
 Metaspace       used 53839K, committed 54976K, reserved 1105920K
  class space    used 5367K, committed 5760K, reserved 1048576K
}
Event: 224.808 GC heap before
{Heap before GC invocations=285 (full 194):
 PSYoungGen      total 41472K, used 25088K [0x00000000f5580000, 0x00000000f9180000, 0x0000000100000000)
  eden space 25088K, 100% used [0x00000000f5580000,0x00000000f6e00000,0x00000000f6e00000)
  from space 16384K, 0% used [0x00000000f8180000,0x00000000f8180000,0x00000000f9180000)
  to   space 14336K, 0% used [0x00000000f6e00000,0x00000000f6e00000,0x00000000f7c00000)
 ParOldGen       total 349696K, used 349696K [0x00000000e0000000, 0x00000000f5580000, 0x00000000f5580000)
  object space 349696K, 100% used [0x00000000e0000000,0x00000000f5580000,0x00000000f5580000)
 Metaspace       used 53839K, committed 54976K, reserved 1105920K
  class space    used 5367K, committed 5760K, reserved 1048576K
}
Event: 225.721 GC heap after
{Heap after GC invocations=285 (full 194):
 PSYoungGen      total 39424K, used 25088K [0x00000000f5580000, 0x00000000f9180000, 0x0000000100000000)
  eden space 25088K, 100% used [0x00000000f5580000,0x00000000f6e00000,0x00000000f6e00000)
  from space 14336K, 0% used [0x00000000f6e00000,0x00000000f6e00000,0x00000000f7c00000)
  to   space 16384K, 0% used [0x00000000f8180000,0x00000000f8180000,0x00000000f9180000)
 ParOldGen       total 349696K, used 349696K [0x00000000e0000000, 0x00000000f5580000, 0x00000000f5580000)
  object space 349696K, 100% used [0x00000000e0000000,0x00000000f5580000,0x00000000f5580000)
 Metaspace       used 53839K, committed 54976K, reserved 1105920K
  class space    used 5367K, committed 5760K, reserved 1048576K
}
Event: 225.721 GC heap before
{Heap before GC invocations=286 (full 195):
 PSYoungGen      total 39424K, used 25088K [0x00000000f5580000, 0x00000000f9180000, 0x0000000100000000)
  eden space 25088K, 100% used [0x00000000f5580000,0x00000000f6e00000,0x00000000f6e00000)
  from space 14336K, 0% used [0x00000000f6e00000,0x00000000f6e00000,0x00000000f7c00000)
  to   space 16384K, 0% used [0x00000000f8180000,0x00000000f8180000,0x00000000f9180000)
 ParOldGen       total 349696K, used 349696K [0x00000000e0000000, 0x00000000f5580000, 0x00000000f5580000)
  object space 349696K, 100% used [0x00000000e0000000,0x00000000f5580000,0x00000000f5580000)
 Metaspace       used 53839K, committed 54976K, reserved 1105920K
  class space    used 5367K, committed 5760K, reserved 1048576K
}
Event: 226.705 GC heap after
{Heap after GC invocations=286 (full 195):
 PSYoungGen      total 41472K, used 25088K [0x00000000f5580000, 0x00000000f9180000, 0x0000000100000000)
  eden space 25088K, 100% used [0x00000000f5580000,0x00000000f6e00000,0x00000000f6e00000)
  from space 16384K, 0% used [0x00000000f8180000,0x00000000f8180000,0x00000000f9180000)
  to   space 14336K, 0% used [0x00000000f6e00000,0x00000000f6e00000,0x00000000f7c00000)
 ParOldGen       total 349696K, used 349696K [0x00000000e0000000, 0x00000000f5580000, 0x00000000f5580000)
  object space 349696K, 100% used [0x00000000e0000000,0x00000000f5580000,0x00000000f5580000)
 Metaspace       used 53839K, committed 54976K, reserved 1105920K
  class space    used 5367K, committed 5760K, reserved 1048576K
}
Event: 226.705 GC heap before
{Heap before GC invocations=287 (full 196):
 PSYoungGen      total 41472K, used 25088K [0x00000000f5580000, 0x00000000f9180000, 0x0000000100000000)
  eden space 25088K, 100% used [0x00000000f5580000,0x00000000f6e00000,0x00000000f6e00000)
  from space 16384K, 0% used [0x00000000f8180000,0x00000000f8180000,0x00000000f9180000)
  to   space 14336K, 0% used [0x00000000f6e00000,0x00000000f6e00000,0x00000000f7c00000)
 ParOldGen       total 349696K, used 349696K [0x00000000e0000000, 0x00000000f5580000, 0x00000000f5580000)
  object space 349696K, 100% used [0x00000000e0000000,0x00000000f5580000,0x00000000f5580000)
 Metaspace       used 53839K, committed 54976K, reserved 1105920K
  class space    used 5367K, committed 5760K, reserved 1048576K
}
Event: 227.708 GC heap after
{Heap after GC invocations=287 (full 196):
 PSYoungGen      total 39424K, used 25088K [0x00000000f5580000, 0x00000000f9180000, 0x0000000100000000)
  eden space 25088K, 100% used [0x00000000f5580000,0x00000000f6e00000,0x00000000f6e00000)
  from space 14336K, 0% used [0x00000000f6e00000,0x00000000f6e00000,0x00000000f7c00000)
  to   space 16384K, 0% used [0x00000000f8180000,0x00000000f8180000,0x00000000f9180000)
 ParOldGen       total 349696K, used 349695K [0x00000000e0000000, 0x00000000f5580000, 0x00000000f5580000)
  object space 349696K, 99% used [0x00000000e0000000,0x00000000f557fc58,0x00000000f5580000)
 Metaspace       used 53839K, committed 54976K, reserved 1105920K
  class space    used 5367K, committed 5760K, reserved 1048576K
}
Event: 227.708 GC heap before
{Heap before GC invocations=288 (full 197):
 PSYoungGen      total 39424K, used 25088K [0x00000000f5580000, 0x00000000f9180000, 0x0000000100000000)
  eden space 25088K, 100% used [0x00000000f5580000,0x00000000f6e00000,0x00000000f6e00000)
  from space 14336K, 0% used [0x00000000f6e00000,0x00000000f6e00000,0x00000000f7c00000)
  to   space 16384K, 0% used [0x00000000f8180000,0x00000000f8180000,0x00000000f9180000)
 ParOldGen       total 349696K, used 349695K [0x00000000e0000000, 0x00000000f5580000, 0x00000000f5580000)
  object space 349696K, 99% used [0x00000000e0000000,0x00000000f557fe28,0x00000000f5580000)
 Metaspace       used 53839K, committed 54976K, reserved 1105920K
  class space    used 5367K, committed 5760K, reserved 1048576K
}
Event: 228.718 GC heap after
{Heap after GC invocations=288 (full 197):
 PSYoungGen      total 41472K, used 25087K [0x00000000f5580000, 0x00000000f9180000, 0x0000000100000000)
  eden space 25088K, 99% used [0x00000000f5580000,0x00000000f6dfff68,0x00000000f6e00000)
  from space 16384K, 0% used [0x00000000f8180000,0x00000000f8180000,0x00000000f9180000)
  to   space 14336K, 0% used [0x00000000f6e00000,0x00000000f6e00000,0x00000000f7c00000)
 ParOldGen       total 349696K, used 349693K [0x00000000e0000000, 0x00000000f5580000, 0x00000000f5580000)
  object space 349696K, 99% used [0x00000000e0000000,0x00000000f557f628,0x00000000f5580000)
 Metaspace       used 53839K, committed 54976K, reserved 1105920K
  class space    used 5367K, committed 5760K, reserved 1048576K
}
Event: 228.718 GC heap before
{Heap before GC invocations=289 (full 198):
 PSYoungGen      total 41472K, used 25087K [0x00000000f5580000, 0x00000000f9180000, 0x0000000100000000)
  eden space 25088K, 99% used [0x00000000f5580000,0x00000000f6dfff68,0x00000000f6e00000)
  from space 16384K, 0% used [0x00000000f8180000,0x00000000f8180000,0x00000000f9180000)
  to   space 14336K, 0% used [0x00000000f6e00000,0x00000000f6e00000,0x00000000f7c00000)
 ParOldGen       total 349696K, used 349693K [0x00000000e0000000, 0x00000000f5580000, 0x00000000f5580000)
  object space 349696K, 99% used [0x00000000e0000000,0x00000000f557f628,0x00000000f5580000)
 Metaspace       used 53839K, committed 54976K, reserved 1105920K
  class space    used 5367K, committed 5760K, reserved 1048576K
}
Event: 229.674 GC heap after
{Heap after GC invocations=289 (full 198):
 PSYoungGen      total 39424K, used 25087K [0x00000000f5580000, 0x00000000f9180000, 0x0000000100000000)
  eden space 25088K, 99% used [0x00000000f5580000,0x00000000f6dfff68,0x00000000f6e00000)
  from space 14336K, 0% used [0x00000000f6e00000,0x00000000f6e00000,0x00000000f7c00000)
  to   space 16384K, 0% used [0x00000000f8180000,0x00000000f8180000,0x00000000f9180000)
 ParOldGen       total 349696K, used 349693K [0x00000000e0000000, 0x00000000f5580000, 0x00000000f5580000)
  object space 349696K, 99% used [0x00000000e0000000,0x00000000f557f628,0x00000000f5580000)
 Metaspace       used 53839K, committed 54976K, reserved 1105920K
  class space    used 5367K, committed 5760K, reserved 1048576K
}

Dll operation events (9 events):
Event: 0.055 Loaded shared library /nix/store/gpxl5qgg8kicmcvivwmybwjlpf7wh20l-graalvm17-ce-22.3.0/lib/libjava.so
Event: 0.202 Loaded shared library /nix/store/gpxl5qgg8kicmcvivwmybwjlpf7wh20l-graalvm17-ce-22.3.0/lib/libjsvml.so
Event: 0.330 Loaded shared library /nix/store/gpxl5qgg8kicmcvivwmybwjlpf7wh20l-graalvm17-ce-22.3.0/lib/libnio.so
Event: 0.338 Loaded shared library /nix/store/gpxl5qgg8kicmcvivwmybwjlpf7wh20l-graalvm17-ce-22.3.0/lib/libzip.so
Event: 0.413 Loaded shared library /nix/store/gpxl5qgg8kicmcvivwmybwjlpf7wh20l-graalvm17-ce-22.3.0/lib/libjvmcicompiler.so
Event: 0.826 Loaded shared library /nix/store/gpxl5qgg8kicmcvivwmybwjlpf7wh20l-graalvm17-ce-22.3.0/lib/libjimage.so
Event: 2.574 Loaded shared library /nix/store/gpxl5qgg8kicmcvivwmybwjlpf7wh20l-graalvm17-ce-22.3.0/lib/libnet.so
Event: 3.478 Loaded shared library /home/runner/QUESTAO-5-LISTA-6-DANIEL-PAIVA/.cache/jdt-language-server/config/org.eclipse.equinox.launcher/org.eclipse.equinox.launcher.gtk.linux.x86_64_1.2.400.v20211117-0650/eclipse_11600.so
Event: 10.800 Loaded shared library /nix/store/gpxl5qgg8kicmcvivwmybwjlpf7wh20l-graalvm17-ce-22.3.0/lib/libextnet.so

Deoptimization events (20 events):
Event: 204.721 Thread 0x00007b50200010d0 Uncommon trap: trap_request=0xffffff8f fr.pc=0x00007b508afb7814 relative=0x0000000000000274
Event: 204.721 Thread 0x00007b50200010d0 Uncommon trap: reason=constraint action=none pc=0x00007b508afb7814 method=java.lang.StringLatin1.newString([BII)Ljava/lang/String; @ 0 jvmci
Event: 204.721 Thread 0x00007b50200010d0 DEOPT PACKING pc=0x00007b508afb7814 sp=0x00007b50801fe710
Event: 204.721 Thread 0x00007b50200010d0 DEOPT UNPACKING pc=0x00007b5083505325 sp=0x00007b50801fdbb8 mode 3
Event: 213.381 Thread 0x00007b50200010d0 Uncommon trap: trap_request=0xffffff8f fr.pc=0x00007b508af92718 relative=0x00000000000001f8
Event: 213.381 Thread 0x00007b50200010d0 Uncommon trap: reason=constraint action=none pc=0x00007b508af92718 method=java.util.Arrays.copyOfRange([BII)[B @ 0 jvmci
Event: 213.381 Thread 0x00007b50200010d0 DEOPT PACKING pc=0x00007b508af92718 sp=0x00007b50801fe680
Event: 213.381 Thread 0x00007b50200010d0 DEOPT UNPACKING pc=0x00007b5083505325 sp=0x00007b50801fdb18 mode 3
Event: 215.267 Thread 0x00007b509c3fa220 Uncommon trap: trap_request=0xffffff8f fr.pc=0x00007b508b0bdf5c relative=0x00000000000001bc
Event: 215.267 Thread 0x00007b509c3fa220 Uncommon trap: reason=constraint action=none pc=0x00007b508b0bdf5c method=java.util.Collections$UnmodifiableCollection$1.<init>(Ljava/util/Collections$UnmodifiableCollection;)V @ 22 jvmci
Event: 217.180 Thread 0x00007b509c3fa220 DEOPT PACKING pc=0x00007b508b0bdf5c sp=0x00007b504a7fd8e0
Event: 217.180 Thread 0x00007b509c3fa220 DEOPT UNPACKING pc=0x00007b5083505325 sp=0x00007b504a7fcd00 mode 1
Event: 220.079 Thread 0x00007b509c3651e0 Uncommon trap: trap_request=0xffffff8f fr.pc=0x00007b508b042a17 relative=0x00000000000000f7
Event: 220.079 Thread 0x00007b509c3651e0 Uncommon trap: reason=constraint action=none pc=0x00007b508b042a17 method=java.lang.StringBuilder.<init>()V @ 0 jvmci
Event: 220.079 Thread 0x00007b509c3651e0 DEOPT PACKING pc=0x00007b508b042a17 sp=0x00007b504aafe820
Event: 220.079 Thread 0x00007b509c3651e0 DEOPT UNPACKING pc=0x00007b5083505325 sp=0x00007b504aafdcc8 mode 3
Event: 224.808 Thread 0x00007b503064f5b0 Uncommon trap: trap_request=0xffffff8f fr.pc=0x00007b508b1fd214 relative=0x0000000000000274
Event: 224.808 Thread 0x00007b503064f5b0 Uncommon trap: reason=constraint action=none pc=0x00007b508b1fd214 method=org.eclipse.jdt.internal.core.index.DiskIndex$IntList.add(I)V @ 0 jvmci
Event: 224.808 Thread 0x00007b503064f5b0 DEOPT PACKING pc=0x00007b508b1fd214 sp=0x00007b504adfe500
Event: 224.808 Thread 0x00007b503064f5b0 DEOPT UNPACKING pc=0x00007b5083505325 sp=0x00007b504adfd9a0 mode 3

Classes unloaded (20 events):
Event: 49.313 Thread 0x00007b509c0a14d0 Unloading class 0x0000000800ed8000 'jdk/internal/reflect/GeneratedConstructorAccessor8'
Event: 49.313 Thread 0x00007b509c0a14d0 Unloading class 0x0000000800d89000 'java/lang/invoke/LambdaForm$MH+0x0000000800d89000'
Event: 49.313 Thread 0x00007b509c0a14d0 Unloading class 0x0000000800d88c00 'java/lang/invoke/LambdaForm$MH+0x0000000800d88c00'
Event: 49.313 Thread 0x00007b509c0a14d0 Unloading class 0x0000000800d88800 'java/lang/invoke/LambdaForm$MH+0x0000000800d88800'
Event: 49.313 Thread 0x00007b509c0a14d0 Unloading class 0x0000000800d88400 'java/lang/invoke/LambdaForm$MH+0x0000000800d88400'
Event: 49.313 Thread 0x00007b509c0a14d0 Unloading class 0x0000000800d88000 'jdk/internal/reflect/GeneratedConstructorAccessor3'
Event: 49.313 Thread 0x00007b509c0a14d0 Unloading class 0x0000000800cb2800 'java/lang/invoke/LambdaForm$MH+0x0000000800cb2800'
Event: 49.313 Thread 0x00007b509c0a14d0 Unloading class 0x0000000800cb2000 'java/lang/invoke/LambdaForm$MH+0x0000000800cb2000'
Event: 49.313 Thread 0x00007b509c0a14d0 Unloading class 0x0000000800cb1c00 'java/lang/invoke/LambdaForm$MH+0x0000000800cb1c00'
Event: 49.313 Thread 0x00007b509c0a14d0 Unloading class 0x0000000800cb1800 'java/lang/invoke/LambdaForm$MH+0x0000000800cb1800'
Event: 49.313 Thread 0x00007b509c0a14d0 Unloading class 0x0000000800cb1000 'java/lang/invoke/LambdaForm$MH+0x0000000800cb1000'
Event: 49.313 Thread 0x00007b509c0a14d0 Unloading class 0x0000000800cb0c00 'java/lang/invoke/LambdaForm$MH+0x0000000800cb0c00'
Event: 49.313 Thread 0x00007b509c0a14d0 Unloading class 0x0000000800cb0800 'java/lang/invoke/LambdaForm$MH+0x0000000800cb0800'
Event: 49.313 Thread 0x00007b509c0a14d0 Unloading class 0x0000000800cb0000 'java/lang/invoke/LambdaForm$MH+0x0000000800cb0000'
Event: 49.313 Thread 0x00007b509c0a14d0 Unloading class 0x0000000800c85000 'jdk/internal/reflect/GeneratedMethodAccessor5'
Event: 49.313 Thread 0x00007b509c0a14d0 Unloading class 0x0000000800c84c00 'jdk/internal/reflect/GeneratedMethodAccessor4'
Event: 49.313 Thread 0x00007b509c0a14d0 Unloading class 0x0000000800c84800 'jdk/internal/reflect/GeneratedMethodAccessor3'
Event: 49.313 Thread 0x00007b509c0a14d0 Unloading class 0x0000000800c84400 'jdk/internal/reflect/GeneratedMethodAccessor2'
Event: 49.313 Thread 0x00007b509c0a14d0 Unloading class 0x0000000800c84000 'jdk/internal/reflect/GeneratedMethodAccessor1'
Event: 49.313 Thread 0x00007b509c0a14d0 Unloading class 0x0000000800c01c00 'java/lang/invoke/LambdaForm$DMH+0x0000000800c01c00'

Classes redefined (0 events):
No events

Internal exceptions (20 events):
Event: 183.068 Thread 0x00007b50200010d0 Exception <a 'java/lang/OutOfMemoryError'{0x00000000e00beea8}> (0x00000000e00beea8) 
thrown [src/hotspot/share/gc/shared/memAllocator.cpp, line 136]
Event: 184.969 Thread 0x00007b509c3fa220 Exception <a 'java/lang/OutOfMemoryError'{0x00000000e00bf498}> (0x00000000e00bf498) 
thrown [src/hotspot/share/gc/shared/memAllocator.cpp, line 136]
Event: 193.485 Thread 0x00007b50200010d0 Exception <a 'java/lang/OutOfMemoryError'{0x00000000e00bf178}> (0x00000000e00bf178) 
thrown [src/hotspot/share/gc/shared/memAllocator.cpp, line 138]
Event: 193.485 Thread 0x00007b50200010d0 Implicit null exception at 0x00007b508b0113d7 to 0x00007b508b011481
Event: 204.721 Thread 0x00007b50200010d0 Exception <a 'java/lang/OutOfMemoryError'{0x00000000e00bf178}> (0x00000000e00bf178) 
thrown [src/hotspot/share/gc/shared/memAllocator.cpp, line 138]
Event: 204.721 Thread 0x00007b50200010d0 Implicit null exception at 0x00007b508afb772f to 0x00007b508afb77f9
Event: 206.525 Thread 0x00007b509c3651e0 Exception <a 'java/lang/OutOfMemoryError'{0x00000000e00bf498}> (0x00000000e00bf498) 
thrown [src/hotspot/share/gc/shared/memAllocator.cpp, line 136]
Event: 208.478 Thread 0x00007b509c3651e0 Exception <a 'java/lang/OutOfMemoryError'{0x00000000e00bf498}> (0x00000000e00bf498) 
thrown [src/hotspot/share/gc/shared/memAllocator.cpp, line 136]
Event: 213.381 Thread 0x00007b50200010d0 Exception <a 'java/lang/OutOfMemoryError'{0x00000000e00bf178}> (0x00000000e00bf178) 
thrown [src/hotspot/share/gc/shared/memAllocator.cpp, line 138]
Event: 213.381 Thread 0x00007b50200010d0 Implicit null exception at 0x00007b508af9266b to 0x00007b508af926fd
Event: 215.267 Thread 0x00007b509c3fa220 Exception <a 'java/lang/OutOfMemoryError'{0x00000000e00bf178}> (0x00000000e00bf178) 
thrown [src/hotspot/share/gc/shared/memAllocator.cpp, line 138]
Event: 215.267 Thread 0x00007b509c3fa220 Implicit null exception at 0x00007b508b0bdf01 to 0x00007b508b0bdf41
Event: 217.180 Thread 0x00007b509c3fa220 Exception <a 'java/lang/OutOfMemoryError'{0x00000000e00bf498}> (0x00000000e00bf498) 
thrown [src/hotspot/share/gc/shared/memAllocator.cpp, line 136]
Event: 217.180 Thread 0x00007b509c3fa220 Exception <a 'java/lang/OutOfMemoryError'{0x00000000e00bf1f8}> (0x00000000e00bf1f8) 
thrown [src/hotspot/share/runtime/deoptimization.cpp, line 1108]
Event: 220.078 Thread 0x00007b509c3651e0 Exception <a 'java/lang/OutOfMemoryError'{0x00000000e00bf178}> (0x00000000e00bf178) 
thrown [src/hotspot/share/gc/shared/memAllocator.cpp, line 138]
Event: 220.079 Thread 0x00007b509c3651e0 Implicit null exception at 0x00007b508b0429f5 to 0x00007b508b0429fc
Event: 224.808 Thread 0x00007b503064f5b0 Exception <a 'java/lang/OutOfMemoryError'{0x00000000e00bf178}> (0x00000000e00bf178) 
thrown [src/hotspot/share/gc/shared/memAllocator.cpp, line 138]
Event: 224.808 Thread 0x00007b503064f5b0 Implicit null exception at 0x00007b508b1fd16d to 0x00007b508b1fd1f9
Event: 226.705 Thread 0x00007b50200010d0 Exception <a 'java/lang/OutOfMemoryError'{0x00000000e00bf498}> (0x00000000e00bf498) 
thrown [src/hotspot/share/gc/shared/memAllocator.cpp, line 136]
Event: 229.674 Thread 0x00007b509c0b1ab0 Exception <a 'java/lang/OutOfMemoryError'{0x00000000e00beef8}> (0x00000000e00beef8) 
thrown [src/hotspot/share/gc/shared/memAllocator.cpp, line 136]

VM Operations (20 events):
Event: 215.267 Executing VM operation: ParallelGCFailedAllocation
Event: 217.180 Executing VM operation: ParallelGCFailedAllocation done
Event: 217.180 Executing VM operation: ParallelGCFailedAllocation
Event: 218.180 Executing VM operation: ParallelGCFailedAllocation done
Event: 218.180 Executing VM operation: ParallelGCFailedAllocation
Event: 220.078 Executing VM operation: ParallelGCFailedAllocation done
Event: 220.079 Executing VM operation: ParallelGCFailedAllocation
Event: 220.988 Executing VM operation: ParallelGCFailedAllocation done
Event: 220.988 Executing VM operation: ParallelGCFailedAllocation
Event: 221.912 Executing VM operation: ParallelGCFailedAllocation done
Event: 221.912 Executing VM operation: ParallelGCFailedAllocation
Event: 222.909 Executing VM operation: ParallelGCFailedAllocation done
Event: 222.909 Executing VM operation: ParallelGCFailedAllocation
Event: 224.808 Executing VM operation: ParallelGCFailedAllocation done
Event: 224.808 Executing VM operation: ParallelGCFailedAllocation
Event: 226.705 Executing VM operation: ParallelGCFailedAllocation done
Event: 226.705 Executing VM operation: ParallelGCFailedAllocation
Event: 227.708 Executing VM operation: ParallelGCFailedAllocation done
Event: 227.708 Executing VM operation: ParallelGCFailedAllocation
Event: 229.674 Executing VM operation: ParallelGCFailedAllocation done

Events (20 events):
Event: 40.600 loading class java/nio/channels/ClosedByInterruptException
Event: 40.600 loading class java/nio/channels/AsynchronousCloseException
Event: 40.600 loading class java/nio/channels/ClosedChannelException
Event: 40.600 loading class java/nio/channels/ClosedChannelException done
Event: 40.600 loading class java/nio/channels/AsynchronousCloseException done
Event: 40.600 loading class java/nio/channels/ClosedByInterruptException done
Event: 42.006 Thread 0x00007b50003e0230 Thread added: 0x00007b50003e0230
Event: 42.006 Protecting memory [0x00007b5080700000,0x00007b5080704000] with protection modes 0
Event: 42.069 Thread 0x00007b50003e0230 Thread exited: 0x00007b50003e0230
Event: 42.201 loading class java/util/Collections$2
Event: 42.202 loading class java/util/Collections$2 done
Event: 42.571 loading class org/xml/sax/SAXException
Event: 42.571 loading class org/xml/sax/SAXException done
Event: 42.573 loading class com/sun/org/apache/xerces/internal/xni/XNIException
Event: 42.573 loading class com/sun/org/apache/xerces/internal/xni/XNIException done
Event: 42.573 loading class com/sun/org/apache/xerces/internal/xni/parser/XMLParseException
Event: 42.574 loading class com/sun/org/apache/xerces/internal/xni/parser/XMLParseException done
Event: 64.919 Thread 0x00007b509c1f8fc0 Thread exited: 0x00007b509c1f8fc0
Event: 109.906 Thread 0x00007b500c000ff0 Thread exited: 0x00007b500c000ff0
Event: 115.708 Thread 0x00007b5014001130 Thread exited: 0x00007b5014001130


Dynamic libraries:
e0000000-f3c80000 rw-p 00000000 00:00 0 
f3c80000-f9180000 rw-p 00000000 00:00 0 
f9180000-100000000 ---p 00000000 00:00 0 
800000000-800449000 rw-p 00001000 08:30 707969865                        /nix/store/gpxl5qgg8kicmcvivwmybwjlpf7wh20l-graalvm17-ce-22.3.0/lib/server/classes.jsa
800449000-800bc8000 r--p 0044a000 08:30 707969865                        /nix/store/gpxl5qgg8kicmcvivwmybwjlpf7wh20l-graalvm17-ce-22.3.0/lib/server/classes.jsa
800bc8000-800c00000 ---p 00000000 00:00 0 
800c00000-800c10000 rw-p 00000000 00:00 0 
800c10000-800c30000 rw-p 00000000 00:00 0 
800c30000-800cb0000 rw-p 00000000 00:00 0 
800cb0000-800cf0000 rw-p 00000000 00:00 0 
800cf0000-800db0000 rw-p 00000000 00:00 0 
800db0000-800df0000 rw-p 00000000 00:00 0 
800df0000-800f30000 rw-p 00000000 00:00 0 
800f30000-800f70000 rw-p 00000000 00:00 0 
800f70000-800fd0000 rw-p 00000000 00:00 0 
800fd0000-800ff0000 rw-p 00000000 00:00 0 
800ff0000-8011a0000 rw-p 00000000 00:00 0 
8011a0000-840c00000 ---p 00000000 00:00 0 
5bfae5924000-5bfae5925000 r-xp 00000000 08:30 672029940                  /nix/store/gpxl5qgg8kicmcvivwmybwjlpf7wh20l-graalvm17-ce-22.3.0/bin/.java-wrapped
5bfae5926000-5bfae5927000 r--p 00001000 08:30 672029940                  /nix/store/gpxl5qgg8kicmcvivwmybwjlpf7wh20l-graalvm17-ce-22.3.0/bin/.java-wrapped
5bfae5927000-5bfae5928000 rw-p 00002000 08:30 672029940                  /nix/store/gpxl5qgg8kicmcvivwmybwjlpf7wh20l-graalvm17-ce-22.3.0/bin/.java-wrapped
5bfae5928000-5bfae5929000 rw-p 00004000 08:30 672029940                  /nix/store/gpxl5qgg8kicmcvivwmybwjlpf7wh20l-graalvm17-ce-22.3.0/bin/.java-wrapped
5bfae5929000-5bfae592a000 rw-p 00005000 08:30 672029940                  /nix/store/gpxl5qgg8kicmcvivwmybwjlpf7wh20l-graalvm17-ce-22.3.0/bin/.java-wrapped
5bfae6ec9000-5bfae6f11000 rw-p 00000000 00:00 0                          [heap]
7b4ff64b3000-7b5000000000 r--s 00000000 08:30 707804677                  /nix/store/gpxl5qgg8kicmcvivwmybwjlpf7wh20l-graalvm17-ce-22.3.0/lib/modules
7b5000000000-7b500042d000 rw-p 00000000 00:00 0 
7b500042d000-7b5004000000 ---p 00000000 00:00 0 
7b5008000000-7b5008120000 rw-p 00000000 00:00 0 
7b5008120000-7b500c000000 ---p 00000000 00:00 0 
7b500c000000-7b500c066000 rw-p 00000000 00:00 0 
7b500c066000-7b5010000000 ---p 00000000 00:00 0 
7b5010000000-7b5010021000 rw-p 00000000 00:00 0 
7b5010021000-7b5014000000 ---p 00000000 00:00 0 
7b5014000000-7b501410e000 rw-p 00000000 00:00 0 
7b501410e000-7b5018000000 ---p 00000000 00:00 0 
7b5018000000-7b501805a000 rw-p 00000000 00:00 0 
7b501805a000-7b501c000000 ---p 00000000 00:00 0 
7b501c000000-7b501c021000 rw-p 00000000 00:00 0 
7b501c021000-7b5020000000 ---p 00000000 00:00 0 
7b5020000000-7b502018b000 rw-p 00000000 00:00 0 
7b502018b000-7b5024000000 ---p 00000000 00:00 0 
7b5024000000-7b5024322000 rw-p 00000000 00:00 0 
7b5024322000-7b5028000000 ---p 00000000 00:00 0 
7b5028000000-7b5028021000 rw-p 00000000 00:00 0 
7b5028021000-7b502c000000 ---p 00000000 00:00 0 
7b502c000000-7b502c021000 rw-p 00000000 00:00 0 
7b502c021000-7b5030000000 ---p 00000000 00:00 0 
7b5030000000-7b50308f3000 rw-p 00000000 00:00 0 
7b50308f3000-7b5034000000 ---p 00000000 00:00 0 
7b5034000000-7b5034021000 rw-p 00000000 00:00 0 
7b5034021000-7b5038000000 ---p 00000000 00:00 0 
7b5038000000-7b5038021000 rw-p 00000000 00:00 0 
7b5038021000-7b503c000000 ---p 00000000 00:00 0 
7b503c000000-7b503c021000 rw-p 00000000 00:00 0 
7b503c021000-7b5040000000 ---p 00000000 00:00 0 
7b5040000000-7b5040021000 rw-p 00000000 00:00 0 
7b5040021000-7b5044000000 ---p 00000000 00:00 0 
7b5044000000-7b5044020000 rw-p 00000000 00:00 0 
7b5044020000-7b5044800000 ---p 00000000 00:00 0 
7b5044800000-7b50449d0000 rw-p 00000000 00:00 0 
7b50449d0000-7b50449f0000 rw-p 00000000 00:00 0 
7b50449f0000-7b5044b90000 rw-p 00000000 00:00 0 
7b5044b90000-7b5044ff0000 rw-p 00000000 00:00 0 
7b5044ff0000-7b5045000000 ---p 00000000 00:00 0 
7b5045400000-7b5045770000 rw-p 00000000 00:00 0 
7b5045770000-7b50457f0000 rw-p 00000000 00:00 0 
7b50457f0000-7b5045bf0000 rw-p 00000000 00:00 0 
7b5045bf0000-7b5045cf0000 rw-p 00000000 00:00 0 
7b5045cf0000-7b5045ef0000 rw-p 00000000 00:00 0 
7b5045ef0000-7b5045ff0000 rw-p 00000000 00:00 0 
7b5045ff0000-7b5046170000 rw-p 00000000 00:00 0 
7b5046170000-7b50461f0000 rw-p 00000000 00:00 0 
7b50461f0000-7b50462f0000 rw-p 00000000 00:00 0 
7b50462f0000-7b50463f0000 rw-p 00000000 00:00 0 
7b50463f0000-7b50465b0000 rw-p 00000000 00:00 0 
7b50465b0000-7b50465f0000 rw-p 00000000 00:00 0 
7b50465f0000-7b50468f0000 rw-p 00000000 00:00 0 
7b50468f0000-7b50469f0000 rw-p 00000000 00:00 0 
7b50469f0000-7b5046b70000 rw-p 00000000 00:00 0 
7b5046b70000-7b5046bf0000 rw-p 00000000 00:00 0 
7b5046bf0000-7b5046cf0000 rw-p 00000000 00:00 0 
7b5046cf0000-7b5046df0000 rw-p 00000000 00:00 0 
7b5046df0000-7b50472f0000 rw-p 00000000 00:00 0 
7b50472f0000-7b5047400000 rw-p 00000000 00:00 0 
7b5047600000-7b5047610000 r-xp 00000000 00:168 310                       /home/runner/QUESTAO-5-LISTA-6-DANIEL-PAIVA/.cache/jdt-language-server/config/org.eclipse.equinox.launcher/org.eclipse.equinox.launcher.gtk.linux.x86_64_1.2.400.v20211117-0650/eclipse_11600.so
7b5047610000-7b504780f000 ---p 00010000 00:168 310                       /home/runner/QUESTAO-5-LISTA-6-DANIEL-PAIVA/.cache/jdt-language-server/config/org.eclipse.equinox.launcher/org.eclipse.equinox.launcher.gtk.linux.x86_64_1.2.400.v20211117-0650/eclipse_11600.so
7b504780f000-7b5047810000 r--p 0000f000 00:168 310                       /home/runner/QUESTAO-5-LISTA-6-DANIEL-PAIVA/.cache/jdt-language-server/config/org.eclipse.equinox.launcher/org.eclipse.equinox.launcher.gtk.linux.x86_64_1.2.400.v20211117-0650/eclipse_11600.so
7b5047810000-7b5047811000 rw-p 00010000 00:168 310                       /home/runner/QUESTAO-5-LISTA-6-DANIEL-PAIVA/.cache/jdt-language-server/config/org.eclipse.equinox.launcher/org.eclipse.equinox.launcher.gtk.linux.x86_64_1.2.400.v20211117-0650/eclipse_11600.so
7b5049100000-7b5049200000 ---p 00000000 00:00 0 
7b5049200000-7b50497af000 r--p 01122000 08:30 707802136                  /nix/store/gpxl5qgg8kicmcvivwmybwjlpf7wh20l-graalvm17-ce-22.3.0/lib/libjvmcicompiler.so
7b50497af000-7b5049900000 r--p 00000000 00:00 0 
7b5049900000-7b504993d000 rw-p 00000000 00:00 0 
7b504993d000-7b5049e5d000 rw-p 0185f000 08:30 707802136                  /nix/store/gpxl5qgg8kicmcvivwmybwjlpf7wh20l-graalvm17-ce-22.3.0/lib/libjvmcicompiler.so
7b5049e5d000-7b504a244000 r--p 01d7f000 08:30 707802136                  /nix/store/gpxl5qgg8kicmcvivwmybwjlpf7wh20l-graalvm17-ce-22.3.0/lib/libjvmcicompiler.so
7b504a300000-7b504a304000 ---p 00000000 00:00 0 
7b504a304000-7b504a400000 rw-p 00000000 00:00 0 
7b504a500000-7b504a504000 ---p 00000000 00:00 0 
7b504a504000-7b504a600000 rw-p 00000000 00:00 0 
7b504a700000-7b504a704000 ---p 00000000 00:00 0 
7b504a704000-7b504a800000 rw-p 00000000 00:00 0 
7b504a900000-7b504a904000 ---p 00000000 00:00 0 
7b504a904000-7b504aa00000 rw-p 00000000 00:00 0 
7b504aa00000-7b504aa04000 ---p 00000000 00:00 0 
7b504aa04000-7b504ab00000 rw-p 00000000 00:00 0 
7b504ab00000-7b504ab04000 ---p 00000000 00:00 0 
7b504ab04000-7b504ac00000 rw-p 00000000 00:00 0 
7b504ad00000-7b504ad04000 ---p 00000000 00:00 0 
7b504ad04000-7b504ae00000 rw-p 00000000 00:00 0 
7b504ba68000-7b504bf00000 rw-p 00000000 00:00 0 
7b504c000000-7b504c021000 rw-p 00000000 00:00 0 
7b504c021000-7b5050000000 ---p 00000000 00:00 0 
7b5050000000-7b5050021000 rw-p 00000000 00:00 0 
7b5050021000-7b5054000000 ---p 00000000 00:00 0 
7b5054000000-7b5054021000 rw-p 00000000 00:00 0 
7b5054021000-7b5058000000 ---p 00000000 00:00 0 
7b5058000000-7b5058021000 rw-p 00000000 00:00 0 
7b5058021000-7b505c000000 ---p 00000000 00:00 0 
7b505c000000-7b505c0d0000 rw-p 00000000 00:00 0 
7b505c0d0000-7b5060000000 ---p 00000000 00:00 0 
7b5060000000-7b50607cf000 rw-p 00000000 00:00 0 
7b50607cf000-7b5064000000 ---p 00000000 00:00 0 
7b5064000000-7b5064021000 rw-p 00000000 00:00 0 
7b5064021000-7b5068000000 ---p 00000000 00:00 0 
7b5068000000-7b5068021000 rw-p 00000000 00:00 0 
7b5068021000-7b506c000000 ---p 00000000 00:00 0 
7b506c000000-7b506c021000 rw-p 00000000 00:00 0 
7b506c021000-7b5070000000 ---p 00000000 00:00 0 
7b5070000000-7b5070021000 rw-p 00000000 00:00 0 
7b5070021000-7b5074000000 ---p 00000000 00:00 0 
7b5074000000-7b5074021000 rw-p 00000000 00:00 0 
7b5074021000-7b5078000000 ---p 00000000 00:00 0 
7b5078000000-7b5078021000 rw-p 00000000 00:00 0 
7b5078021000-7b507c000000 ---p 00000000 00:00 0 
7b507c000000-7b507c03c000 rw-p 00000000 00:00 0 
7b507c03c000-7b5080000000 ---p 00000000 00:00 0 
7b5080100000-7b5080104000 ---p 00000000 00:00 0 
7b5080104000-7b5080200000 rw-p 00000000 00:00 0 
7b5080300000-7b5080304000 ---p 00000000 00:00 0 
7b5080304000-7b5080400000 rw-p 00000000 00:00 0 
7b5080500000-7b5080504000 ---p 00000000 00:00 0 
7b5080504000-7b5080600000 rw-p 00000000 00:00 0 
7b5080700000-7b5080704000 ---p 00000000 00:00 0 
7b5080704000-7b5080800000 rw-p 00000000 00:00 0 
7b5080900000-7b5080904000 ---p 00000000 00:00 0 
7b5080904000-7b5080a00000 rw-p 00000000 00:00 0 
7b5080b00000-7b5080b04000 ---p 00000000 00:00 0 
7b5080b04000-7b5080c00000 rw-p 00000000 00:00 0 
7b5080d00000-7b5080d04000 ---p 00000000 00:00 0 
7b5080d04000-7b5080e00000 rw-p 00000000 00:00 0 
7b5080f00000-7b5080f04000 ---p 00000000 00:00 0 
7b5080f04000-7b5081000000 rw-p 00000000 00:00 0 
7b5081000000-7b508316a000 r-xp 00000000 08:30 707802136                  /nix/store/gpxl5qgg8kicmcvivwmybwjlpf7wh20l-graalvm17-ce-22.3.0/lib/libjvmcicompiler.so
7b508316a000-7b5083369000 ---p 0216a000 08:30 707802136                  /nix/store/gpxl5qgg8kicmcvivwmybwjlpf7wh20l-graalvm17-ce-22.3.0/lib/libjvmcicompiler.so
7b5083369000-7b508336a000 r--p 02169000 08:30 707802136                  /nix/store/gpxl5qgg8kicmcvivwmybwjlpf7wh20l-graalvm17-ce-22.3.0/lib/libjvmcicompiler.so
7b508336a000-7b508336c000 rw-p 0216a000 08:30 707802136                  /nix/store/gpxl5qgg8kicmcvivwmybwjlpf7wh20l-graalvm17-ce-22.3.0/lib/libjvmcicompiler.so
7b508336c000-7b508336d000 rw-p 00000000 00:00 0 
7b508336d000-7b5083372000 rw-p 023c3000 08:30 707802136                  /nix/store/gpxl5qgg8kicmcvivwmybwjlpf7wh20l-graalvm17-ce-22.3.0/lib/libjvmcicompiler.so
7b508345c000-7b5083460000 ---p 00000000 00:00 0 
7b5083460000-7b508347e000 rw-p 00000000 00:00 0 
7b508347e000-7b5083493000 r-xp 00000000 08:30 707804666                  /nix/store/gpxl5qgg8kicmcvivwmybwjlpf7wh20l-graalvm17-ce-22.3.0/lib/libnet.so
7b5083493000-7b5083494000 ---p 00015000 08:30 707804666                  /nix/store/gpxl5qgg8kicmcvivwmybwjlpf7wh20l-graalvm17-ce-22.3.0/lib/libnet.so
7b5083494000-7b5083495000 r--p 00015000 08:30 707804666                  /nix/store/gpxl5qgg8kicmcvivwmybwjlpf7wh20l-graalvm17-ce-22.3.0/lib/libnet.so
7b5083495000-7b5083496000 rw-p 00016000 08:30 707804666                  /nix/store/gpxl5qgg8kicmcvivwmybwjlpf7wh20l-graalvm17-ce-22.3.0/lib/libnet.so
7b5083496000-7b5083499000 rw-p 0001b000 08:30 707804666                  /nix/store/gpxl5qgg8kicmcvivwmybwjlpf7wh20l-graalvm17-ce-22.3.0/lib/libnet.so
7b5083499000-7b50834ac000 r-xp 00000000 08:30 707804667                  /nix/store/gpxl5qgg8kicmcvivwmybwjlpf7wh20l-graalvm17-ce-22.3.0/lib/libnio.so
7b50834ac000-7b50834ad000 r--p 00012000 08:30 707804667                  /nix/store/gpxl5qgg8kicmcvivwmybwjlpf7wh20l-graalvm17-ce-22.3.0/lib/libnio.so
7b50834ad000-7b50834ae000 rw-p 00013000 08:30 707804667                  /nix/store/gpxl5qgg8kicmcvivwmybwjlpf7wh20l-graalvm17-ce-22.3.0/lib/libnio.so
7b50834ae000-7b50834b3000 rw-p 00019000 08:30 707804667                  /nix/store/gpxl5qgg8kicmcvivwmybwjlpf7wh20l-graalvm17-ce-22.3.0/lib/libnio.so
7b50834b3000-7b5083723000 rwxp 00000000 00:00 0 
7b5083723000-7b5083a42000 ---p 00000000 00:00 0 
7b5083a42000-7b50847e2000 rwxp 00000000 00:00 0 
7b50847e2000-7b508af7a000 ---p 00000000 00:00 0 
7b508af7a000-7b508b20a000 rwxp 00000000 00:00 0 
7b508b20a000-7b50924b3000 ---p 00000000 00:00 0 
7b50924b3000-7b509c000000 r--s 00000000 08:30 707804677                  /nix/store/gpxl5qgg8kicmcvivwmybwjlpf7wh20l-graalvm17-ce-22.3.0/lib/modules
7b509c000000-7b509c3ff000 rw-p 00000000 00:00 0 
7b509c3ff000-7b50a0000000 ---p 00000000 00:00 0 
7b50a0018000-7b50a0019000 ---p 00000000 00:00 0 
7b50a0019000-7b50a011a000 rw-p 00000000 00:00 0 
7b50a011a000-7b50a011e000 ---p 00000000 00:00 0 
7b50a011e000-7b50a021a000 rw-p 00000000 00:00 0 
7b50a021a000-7b50a021e000 ---p 00000000 00:00 0 
7b50a021e000-7b50a031a000 rw-p 00000000 00:00 0 
7b50a031a000-7b50a031e000 ---p 00000000 00:00 0 
7b50a031e000-7b50a041a000 rw-p 00000000 00:00 0 
7b50a041a000-7b50a041e000 ---p 00000000 00:00 0 
7b50a041e000-7b50a061a000 rw-p 00000000 00:00 0 
7b50a061a000-7b50a061e000 ---p 00000000 00:00 0 
7b50a061e000-7b50a081a000 rw-p 00000000 00:00 0 
7b50a081a000-7b50a081e000 ---p 00000000 00:00 0 
7b50a081e000-7b50a091a000 rw-p 00000000 00:00 0 
7b50a091a000-7b50a091e000 ---p 00000000 00:00 0 
7b50a091e000-7b50a0a1a000 rw-p 00000000 00:00 0 
7b50a0a1a000-7b50a0a1e000 ---p 00000000 00:00 0 
7b50a0a1e000-7b50a0b1a000 rw-p 00000000 00:00 0 
7b50a0b1a000-7b50a0e00000 r--p 00000000 fc:00 28444448                   /usr/lib/locale/locale-archive
7b50a0e00000-7b50a0e04000 ---p 00000000 00:00 0 
7b50a0e04000-7b50a0f00000 rw-p 00000000 00:00 0 
7b50a0f00000-7b50a0f04000 ---p 00000000 00:00 0 
7b50a0f04000-7b50a13f0000 rw-p 00000000 00:00 0 
7b50a13f0000-7b50a16d0000 rw-p 00000000 00:00 0 
7b50a16d0000-7b50a16f0000 rw-p 00000000 00:00 0 
7b50a16f0000-7b50a1800000 rw-p 00000000 00:00 0 
7b50a1808000-7b50a180a000 r-xp 00000000 08:30 707802113                  /nix/store/gpxl5qgg8kicmcvivwmybwjlpf7wh20l-graalvm17-ce-22.3.0/lib/libextnet.so
7b50a180a000-7b50a180b000 r--p 00001000 08:30 707802113                  /nix/store/gpxl5qgg8kicmcvivwmybwjlpf7wh20l-graalvm17-ce-22.3.0/lib/libextnet.so
7b50a180b000-7b50a180c000 rw-p 00002000 08:30 707802113                  /nix/store/gpxl5qgg8kicmcvivwmybwjlpf7wh20l-graalvm17-ce-22.3.0/lib/libextnet.so
7b50a180c000-7b50a180d000 rw-p 00004000 08:30 707802113                  /nix/store/gpxl5qgg8kicmcvivwmybwjlpf7wh20l-graalvm17-ce-22.3.0/lib/libextnet.so
7b50a180d000-7b50a1814000 r-xp 00000000 08:30 707804676                  /nix/store/gpxl5qgg8kicmcvivwmybwjlpf7wh20l-graalvm17-ce-22.3.0/lib/libzip.so
7b50a1814000-7b50a1815000 ---p 00007000 08:30 707804676                  /nix/store/gpxl5qgg8kicmcvivwmybwjlpf7wh20l-graalvm17-ce-22.3.0/lib/libzip.so
7b50a1815000-7b50a1816000 r--p 00007000 08:30 707804676                  /nix/store/gpxl5qgg8kicmcvivwmybwjlpf7wh20l-graalvm17-ce-22.3.0/lib/libzip.so
7b50a1816000-7b50a1817000 rw-p 00008000 08:30 707804676                  /nix/store/gpxl5qgg8kicmcvivwmybwjlpf7wh20l-graalvm17-ce-22.3.0/lib/libzip.so
7b50a1817000-7b50a1819000 rw-p 0000b000 08:30 707804676                  /nix/store/gpxl5qgg8kicmcvivwmybwjlpf7wh20l-graalvm17-ce-22.3.0/lib/libzip.so
7b50a1819000-7b50a181a000 ---p 00000000 00:00 0 
7b50a181a000-7b50a191b000 rw-p 00000000 00:00 0 
7b50a191b000-7b50a19e9000 r-xp 00000000 08:30 707802132                  /nix/store/gpxl5qgg8kicmcvivwmybwjlpf7wh20l-graalvm17-ce-22.3.0/lib/libjsvml.so
7b50a19e9000-7b50a19ea000 r--p 000cd000 08:30 707802132                  /nix/store/gpxl5qgg8kicmcvivwmybwjlpf7wh20l-graalvm17-ce-22.3.0/lib/libjsvml.so
7b50a19ea000-7b50a19eb000 rw-p 000ce000 08:30 707802132                  /nix/store/gpxl5qgg8kicmcvivwmybwjlpf7wh20l-graalvm17-ce-22.3.0/lib/libjsvml.so
7b50a19eb000-7b50a32c3000 rw-p 00000000 00:00 0 
7b50a32c3000-7b50a32c4000 ---p 00000000 00:00 0 
7b50a32c4000-7b50a3464000 rw-p 00000000 00:00 0 
7b50a3464000-7b50a348e000 rw-p 00000000 00:00 0 
7b50a348e000-7b50a34c5000 ---p 00000000 00:00 0 
7b50a34c5000-7b50a34cc000 rw-p 00000000 00:00 0 
7b50a34cc000-7b50a35b1000 ---p 00000000 00:00 0 
7b50a35b1000-7b50a35cd000 rw-p 00000000 00:00 0 
7b50a35cd000-7b50a369c000 ---p 00000000 00:00 0 
7b50a369c000-7b50a36a1000 rw-p 00000000 00:00 0 
7b50a36a1000-7b50a36a8000 ---p 00000000 00:00 0 
7b50a36a8000-7b50a36cc000 r-xp 00000000 08:30 707802124                  /nix/store/gpxl5qgg8kicmcvivwmybwjlpf7wh20l-graalvm17-ce-22.3.0/lib/libjava.so
7b50a36cc000-7b50a36cd000 ---p 00024000 08:30 707802124                  /nix/store/gpxl5qgg8kicmcvivwmybwjlpf7wh20l-graalvm17-ce-22.3.0/lib/libjava.so
7b50a36cd000-7b50a36ce000 r--p 00024000 08:30 707802124                  /nix/store/gpxl5qgg8kicmcvivwmybwjlpf7wh20l-graalvm17-ce-22.3.0/lib/libjava.so
7b50a36ce000-7b50a36cf000 rw-p 00025000 08:30 707802124                  /nix/store/gpxl5qgg8kicmcvivwmybwjlpf7wh20l-graalvm17-ce-22.3.0/lib/libjava.so
7b50a36cf000-7b50a36d0000 rw-p 00000000 00:00 0 
7b50a36d0000-7b50a36d7000 rw-p 0002f000 08:30 707802124                  /nix/store/gpxl5qgg8kicmcvivwmybwjlpf7wh20l-graalvm17-ce-22.3.0/lib/libjava.so
7b50a36d7000-7b50a36df000 rw-s 00000000 00:14a 377                       /tmp/hsperfdata_runner/54
7b50a36df000-7b50a36e0000 ---p 00000000 00:00 0 
7b50a36e0000-7b50a36e1000 r--p 00000000 00:00 0 
7b50a36e1000-7b50a36e2000 rwxp 00000000 00:00 0 
7b50a36e2000-7b50a36fd000 r-xp 00000000 08:30 707802128                  /nix/store/gpxl5qgg8kicmcvivwmybwjlpf7wh20l-graalvm17-ce-22.3.0/lib/libjimage.so
7b50a36fd000-7b50a36fe000 ---p 0001b000 08:30 707802128                  /nix/store/gpxl5qgg8kicmcvivwmybwjlpf7wh20l-graalvm17-ce-22.3.0/lib/libjimage.so
7b50a36fe000-7b50a3700000 r--p 0001b000 08:30 707802128                  /nix/store/gpxl5qgg8kicmcvivwmybwjlpf7wh20l-graalvm17-ce-22.3.0/lib/libjimage.so
7b50a3700000-7b50a3701000 rw-p 0001d000 08:30 707802128                  /nix/store/gpxl5qgg8kicmcvivwmybwjlpf7wh20l-graalvm17-ce-22.3.0/lib/libjimage.so
7b50a3701000-7b50a3702000 rw-p 00024000 08:30 707802128                  /nix/store/gpxl5qgg8kicmcvivwmybwjlpf7wh20l-graalvm17-ce-22.3.0/lib/libjimage.so
7b50a3702000-7b50a3706000 ---p 00000000 00:00 0 
7b50a3706000-7b50a3802000 rw-p 00000000 00:00 0 
7b50a3802000-7b50a3810000 r--p 00000000 08:30 600592023                  /nix/store/4nlgxhb09sdr51nc9hdm8az5b08vzkgx-glibc-2.35-163/lib/libm.so.6
7b50a3810000-7b50a3883000 r-xp 0000e000 08:30 600592023                  /nix/store/4nlgxhb09sdr51nc9hdm8az5b08vzkgx-glibc-2.35-163/lib/libm.so.6
7b50a3883000-7b50a38e0000 r--p 00081000 08:30 600592023                  /nix/store/4nlgxhb09sdr51nc9hdm8az5b08vzkgx-glibc-2.35-163/lib/libm.so.6
7b50a38e0000-7b50a38e1000 r--p 000dd000 08:30 600592023                  /nix/store/4nlgxhb09sdr51nc9hdm8az5b08vzkgx-glibc-2.35-163/lib/libm.so.6
7b50a38e1000-7b50a38e2000 rw-p 000de000 08:30 600592023                  /nix/store/4nlgxhb09sdr51nc9hdm8az5b08vzkgx-glibc-2.35-163/lib/libm.so.6
7b50a38e2000-7b50a38e3000 r--p 00000000 08:30 600592042                  /nix/store/4nlgxhb09sdr51nc9hdm8az5b08vzkgx-glibc-2.35-163/lib/librt.so.1
7b50a38e3000-7b50a38e4000 r-xp 00001000 08:30 600592042                  /nix/store/4nlgxhb09sdr51nc9hdm8az5b08vzkgx-glibc-2.35-163/lib/librt.so.1
7b50a38e4000-7b50a38e5000 r--p 00002000 08:30 600592042                  /nix/store/4nlgxhb09sdr51nc9hdm8az5b08vzkgx-glibc-2.35-163/lib/librt.so.1
7b50a38e5000-7b50a38e6000 r--p 00002000 08:30 600592042                  /nix/store/4nlgxhb09sdr51nc9hdm8az5b08vzkgx-glibc-2.35-163/lib/librt.so.1
7b50a38e6000-7b50a38e7000 rw-p 00003000 08:30 600592042                  /nix/store/4nlgxhb09sdr51nc9hdm8az5b08vzkgx-glibc-2.35-163/lib/librt.so.1
7b50a38e7000-7b50a49fa000 r-xp 00000000 08:30 707972962                  /nix/store/gpxl5qgg8kicmcvivwmybwjlpf7wh20l-graalvm17-ce-22.3.0/lib/server/libjvm.so
7b50a49fa000-7b50a49fb000 ---p 01113000 08:30 707972962                  /nix/store/gpxl5qgg8kicmcvivwmybwjlpf7wh20l-graalvm17-ce-22.3.0/lib/server/libjvm.so
7b50a49fb000-7b50a4ab0000 r--p 01113000 08:30 707972962                  /nix/store/gpxl5qgg8kicmcvivwmybwjlpf7wh20l-graalvm17-ce-22.3.0/lib/server/libjvm.so
7b50a4ab0000-7b50a4ae4000 rw-p 011c8000 08:30 707972962                  /nix/store/gpxl5qgg8kicmcvivwmybwjlpf7wh20l-graalvm17-ce-22.3.0/lib/server/libjvm.so
7b50a4ae4000-7b50a4b40000 rw-p 00000000 00:00 0 
7b50a4b40000-7b50a4b68000 r--p 00000000 08:30 600592014                  /nix/store/4nlgxhb09sdr51nc9hdm8az5b08vzkgx-glibc-2.35-163/lib/libc.so.6
7b50a4b68000-7b50a4cde000 r-xp 00028000 08:30 600592014                  /nix/store/4nlgxhb09sdr51nc9hdm8az5b08vzkgx-glibc-2.35-163/lib/libc.so.6
7b50a4cde000-7b50a4d36000 r--p 0019e000 08:30 600592014                  /nix/store/4nlgxhb09sdr51nc9hdm8az5b08vzkgx-glibc-2.35-163/lib/libc.so.6
7b50a4d36000-7b50a4d3a000 r--p 001f6000 08:30 600592014                  /nix/store/4nlgxhb09sdr51nc9hdm8az5b08vzkgx-glibc-2.35-163/lib/libc.so.6
7b50a4d3a000-7b50a4d3c000 rw-p 001fa000 08:30 600592014                  /nix/store/4nlgxhb09sdr51nc9hdm8az5b08vzkgx-glibc-2.35-163/lib/libc.so.6
7b50a4d3c000-7b50a4d4b000 rw-p 00000000 00:00 0 
7b50a4d4b000-7b50a4d4c000 r--p 00000000 08:30 600592019                  /nix/store/4nlgxhb09sdr51nc9hdm8az5b08vzkgx-glibc-2.35-163/lib/libdl.so.2
7b50a4d4c000-7b50a4d4d000 r-xp 00001000 08:30 600592019                  /nix/store/4nlgxhb09sdr51nc9hdm8az5b08vzkgx-glibc-2.35-163/lib/libdl.so.2
7b50a4d4d000-7b50a4d4e000 r--p 00002000 08:30 600592019                  /nix/store/4nlgxhb09sdr51nc9hdm8az5b08vzkgx-glibc-2.35-163/lib/libdl.so.2
7b50a4d4e000-7b50a4d4f000 r--p 00002000 08:30 600592019                  /nix/store/4nlgxhb09sdr51nc9hdm8az5b08vzkgx-glibc-2.35-163/lib/libdl.so.2
7b50a4d4f000-7b50a4d50000 rw-p 00003000 08:30 600592019                  /nix/store/4nlgxhb09sdr51nc9hdm8az5b08vzkgx-glibc-2.35-163/lib/libdl.so.2
7b50a4d50000-7b50a4d51000 r--p 00000000 08:30 600592038                  /nix/store/4nlgxhb09sdr51nc9hdm8az5b08vzkgx-glibc-2.35-163/lib/libpthread.so.0
7b50a4d51000-7b50a4d52000 r-xp 00001000 08:30 600592038                  /nix/store/4nlgxhb09sdr51nc9hdm8az5b08vzkgx-glibc-2.35-163/lib/libpthread.so.0
7b50a4d52000-7b50a4d53000 r--p 00002000 08:30 600592038                  /nix/store/4nlgxhb09sdr51nc9hdm8az5b08vzkgx-glibc-2.35-163/lib/libpthread.so.0
7b50a4d53000-7b50a4d54000 r--p 00002000 08:30 600592038                  /nix/store/4nlgxhb09sdr51nc9hdm8az5b08vzkgx-glibc-2.35-163/lib/libpthread.so.0
7b50a4d54000-7b50a4d55000 rw-p 00003000 08:30 600592038                  /nix/store/4nlgxhb09sdr51nc9hdm8az5b08vzkgx-glibc-2.35-163/lib/libpthread.so.0
7b50a4d55000-7b50a4d63000 r-xp 00000000 08:30 707802129                  /nix/store/gpxl5qgg8kicmcvivwmybwjlpf7wh20l-graalvm17-ce-22.3.0/lib/libjli.so
7b50a4d63000-7b50a4d64000 ---p 0000e000 08:30 707802129                  /nix/store/gpxl5qgg8kicmcvivwmybwjlpf7wh20l-graalvm17-ce-22.3.0/lib/libjli.so
7b50a4d64000-7b50a4d65000 r--p 0000e000 08:30 707802129                  /nix/store/gpxl5qgg8kicmcvivwmybwjlpf7wh20l-graalvm17-ce-22.3.0/lib/libjli.so
7b50a4d65000-7b50a4d66000 rw-p 0000f000 08:30 707802129                  /nix/store/gpxl5qgg8kicmcvivwmybwjlpf7wh20l-graalvm17-ce-22.3.0/lib/libjli.so
7b50a4d66000-7b50a4d67000 rw-p 00012000 08:30 707802129                  /nix/store/gpxl5qgg8kicmcvivwmybwjlpf7wh20l-graalvm17-ce-22.3.0/lib/libjli.so
7b50a4d67000-7b50a4d6a000 r--p 00000000 08:30 678822167                  /nix/store/026hln0aq1hyshaxsdvhg0kmcm6yf45r-zlib-1.2.13/lib/libz.so.1.2.13
7b50a4d6a000-7b50a4d7c000 r-xp 00003000 08:30 678822167                  /nix/store/026hln0aq1hyshaxsdvhg0kmcm6yf45r-zlib-1.2.13/lib/libz.so.1.2.13
7b50a4d7c000-7b50a4d83000 r--p 00015000 08:30 678822167                  /nix/store/026hln0aq1hyshaxsdvhg0kmcm6yf45r-zlib-1.2.13/lib/libz.so.1.2.13
7b50a4d83000-7b50a4d84000 r--p 0001b000 08:30 678822167                  /nix/store/026hln0aq1hyshaxsdvhg0kmcm6yf45r-zlib-1.2.13/lib/libz.so.1.2.13
7b50a4d84000-7b50a4d85000 rw-p 0001c000 08:30 678822167                  /nix/store/026hln0aq1hyshaxsdvhg0kmcm6yf45r-zlib-1.2.13/lib/libz.so.1.2.13
7b50a4d85000-7b50a4d87000 rw-p 00000000 00:00 0 
7b50a4d87000-7b50a4d89000 r--p 00000000 08:30 600592008                  /nix/store/4nlgxhb09sdr51nc9hdm8az5b08vzkgx-glibc-2.35-163/lib/ld-linux-x86-64.so.2
7b50a4d89000-7b50a4db0000 r-xp 00002000 08:30 600592008                  /nix/store/4nlgxhb09sdr51nc9hdm8az5b08vzkgx-glibc-2.35-163/lib/ld-linux-x86-64.so.2
7b50a4db0000-7b50a4dbc000 r--p 00029000 08:30 600592008                  /nix/store/4nlgxhb09sdr51nc9hdm8az5b08vzkgx-glibc-2.35-163/lib/ld-linux-x86-64.so.2
7b50a4dbc000-7b50a4dbe000 r--p 00034000 08:30 600592008                  /nix/store/4nlgxhb09sdr51nc9hdm8az5b08vzkgx-glibc-2.35-163/lib/ld-linux-x86-64.so.2
7b50a4dbe000-7b50a4dc0000 rw-p 00036000 08:30 600592008                  /nix/store/4nlgxhb09sdr51nc9hdm8az5b08vzkgx-glibc-2.35-163/lib/ld-linux-x86-64.so.2
7ffc8ad80000-7ffc8ada5000 rw-p 00000000 00:00 0                          [stack]
7ffc8add6000-7ffc8adda000 r--p 00000000 00:00 0                          [vvar]
7ffc8adda000-7ffc8addc000 r-xp 00000000 00:00 0                          [vdso]
ffffffffff600000-ffffffffff601000 --xp 00000000 00:00 0                  [vsyscall]


VM Arguments:
jvm_args: -XX:ThreadPriorityPolicy=1 -XX:+UnlockExperimentalVMOptions -XX:+EnableJVMCIProduct -XX:JVMCIThreadsPerNativeLibraryRuntime=1 -XX:-UnlockExperimentalVMOptions -Declipse.application=org.eclipse.jdt.ls.core.id1 -Dosgi.bundles.defaultStartLevel=4 -Declipse.product=org.eclipse.jdt.ls.core.product -Dlog.level=ALL -Xverify:none -XX:+UseParallelGC -XX:GCTimeRatio=4 -XX:AdaptiveSizePolicyWeight=90 -Dsun.zip.disableMemoryMapping=true -Xmx512m -Xms100m 
java_command: /nix/store/q9712qvwdh22a4krw4jz2sjrz07mvjbl-jdt-language-server-1.9.0/share/java/plugins/org.eclipse.equinox.launcher_1.6.400.v20210924-0641.jar --add-modules=ALL-SYSTEM --add-opens java.base/java.util=ALL-UNNAMED --add-opens java.base/java.lang=ALL-UNNAMED -configuration /home/runner/QUESTAO-5-LISTA-6-DANIEL-PAIVA/.cache/jdt-language-server/config -data /home/runner/.cache/jdt-language-server/data/home/runner/QUESTAO-5-LISTA-6-DANIEL-PAIVA
java_class_path (initial): /nix/store/q9712qvwdh22a4krw4jz2sjrz07mvjbl-jdt-language-server-1.9.0/share/java/plugins/org.eclipse.equinox.launcher_1.6.400.v20210924-0641.jar
Launcher Type: SUN_STANDARD

[Global flags]
    uintx AdaptiveSizePolicyWeight                 = 90                                        {product} {command line}
     intx CICompilerCount                          = 2                                         {product} {ergonomic}
     bool EnableJVMCIProduct                       = true                                {JVMCI product} {jimage}
    uintx GCTimeRatio                              = 4                                         {product} {command line}
   size_t InitialHeapSize                          = 104857600                                 {product} {command line}
     uint JVMCIThreadsPerNativeLibraryRuntime      = 1                                   {JVMCI product} {jimage}
   size_t MaxHeapSize                              = 536870912                                 {product} {command line}
   size_t MaxNewSize                               = 178782208                                 {product} {ergonomic}
   size_t MinHeapDeltaBytes                        = 524288                                    {product} {ergonomic}
   size_t MinHeapSize                              = 104857600                                 {product} {command line}
   size_t NewSize                                  = 34603008                                  {product} {ergonomic}
    uintx NonNMethodCodeHeapSize                   = 5826188                                {pd product} {ergonomic}
    uintx NonProfiledCodeHeapSize                  = 122916026                              {pd product} {ergonomic}
   size_t OldSize                                  = 70254592                                  {product} {ergonomic}
    uintx ProfiledCodeHeapSize                     = 122916026                              {pd product} {ergonomic}
    uintx ReservedCodeCacheSize                    = 251658240                              {pd product} {ergonomic}
     bool SegmentedCodeCache                       = true                                      {product} {ergonomic}
   size_t SoftMaxHeapSize                          = 536870912                              {manageable} {ergonomic}
     intx ThreadPriorityPolicy                     = 1                                         {product} {jimage}
     bool UseCompressedClassPointers               = true                           {product lp64_product} {ergonomic}
     bool UseCompressedOops                        = true                           {product lp64_product} {ergonomic}
     bool UseParallelGC                            = true                                      {product} {command line}

Logging:
Log output configuration:
 #0: stdout all=warning uptime,level,tags
 #1: stderr all=off uptime,level,tags

Environment Variables:
JAVA_HOME=/nix/store/gpxl5qgg8kicmcvivwmybwjlpf7wh20l-graalvm17-ce-22.3.0
PATH=/nix/store/1d6ian3r8kdzspw8hacjhl3xkp40g1lj-binutils-wrapper-2.39/bin:/nix/store/dq0xwmsk1g0i2ayg6pb7y87na2knzylh-gcc-wrapper-11.3.0/bin:/nix/store/bap4d0lpcrhpwmpb8ayjcgkmvfj62lnq-bash-interactive-5.1-p16/bin:/nix/store/pr5n59mb4jzmfx6kanwxly0l07p861fg-patchelf-0.15.0/bin:/nix/store/1gf2flfqnpqbr1b4p4qz2f72y42bs56r-gcc-11.3.0/bin:/nix/store/57xv61c5zi8pphjbcwxxjlgc34p61ic9-glibc-2.35-163-bin/bin:/nix/store/a7gvj343m05j2s32xcnwr35v31ynlypr-coreutils-9.1/bin:/nix/store/039g378vc3pc3dvi9dzdlrd0i4q93qwf-binutils-2.39/bin:/nix/store/gpxl5qgg8kicmcvivwmybwjlpf7wh20l-graalvm17-ce-22.3.0/bin:/nix/store/6z9ag3ihc8mq2hzsw48lhbznvzny65nz-apache-maven-3.8.6/bin:/nix/store/q9712qvwdh22a4krw4jz2sjrz07mvjbl-jdt-language-server-1.9.0/bin:/nix/store/9zdrgm97n766nc0kj11x4xvvp00qlfk9-java-debug/bin:/nix/store/18y8p4mjwjy26npih04hfv48wz9czgk3-attr-2.5.1-bin/bin:/nix/store/q8s1kzhsblr2a1p2g0lh2dkcgca1im3z-libcap-2.66/bin:/nix/store/bvihhgw8bh6cqqlj0d4s8cvmm4mqmzfc-pulseaudio-16.1/bin:/nix/store/mydc6f4k2z73xlcz7ilif3v2lcaiqvza-findutils-4.9.0/bin:/nix/store/j9p3g8472iijd50vhdprx0nmk2fqn5gv-diffutils-3.8/bin:/nix/store/89zs7rms6x00xfq4dq6m7mjnhkr8a6r4-gnused-4.8/bin:/nix/store/86bp03jkmsl6f92w0yzg4s59g5mhxwmy-gnugrep-3.7/bin:/nix/store/hwcdqw4jrjnd37wxqgsd47hd0j8bnj09-gawk-5.1.1/bin:/nix/store/cfbhw8r8ags41vwqaz47r583d0p4h4a1-gnutar-1.34/bin:/nix/store/p3m1ndl1lapwrlh698bnb5lvvxh67378-gzip-1.12/bin:/nix/store/a8mhcagrsly7c7mpjrpsnaahk4aax056-bzip2-1.0.8-bin/bin:/nix/store/mblgz65m3zv9x548a3d5m96fj2pbwr09-gnumake-4.3/bin:/nix/store/dsd5gz46hdbdk2rfdimqddhq6m8m8fqs-bash-5.1-p16/bin:/nix/store/v7ljksji50mg3w61dykaa3n3y79n6nil-patch-2.7.6/bin:/nix/store/zlcnmqq14jz5x9439jf937mvayyl63da-xz-5.2.7-bin/bin:/nix/store/y6aj732zm9m87c82fpvf103a1xb22blp-file-5.43/bin:/nix/store/yq0vlv3d2f5si3ibawpq5ay2pc6knixp-nix-2.18.0pre20230808_c0e6466/bin:/nix/store/n8qj14kgnj938ngykwhiwvnq79m6fr9d-prybar-elisp-0.0.0-2e68688/bin:/nix/store/2v4whij98zq4nvn69icixz6495187j0v-prybar-lua-0.0.0-2e68688/bin:/nix/st
LD_LIBRARY_PATH=/nix/store/a4pff549sk2idnkpzk5nsfps3mdkdnvm-cups-2.4.2-lib/lib:/nix/store/72mqxxhh3cy5yifh92wh2yb8cl2hikyy-cairo-1.16.0/lib:/nix/store/2k366jrbsra97gjfxwvrhvixjfxdach5-glib-2.74.1/lib:/nix/store/2j2znigd8ak37rlwh9khz0ry3clqlw1l-gtk+3-3.24.34/lib
DISPLAY=:0
LANG=en_US.UTF-8

Signal Handlers:
   SIGSEGV: crash_handler in libjvm.so, mask=11100100010111111101111111111110, flags=SA_RESTART|SA_SIGINFO
    SIGBUS: crash_handler in libjvm.so, mask=11100100010111111101111111111110, flags=SA_RESTART|SA_SIGINFO
    SIGFPE: crash_handler in libjvm.so, mask=11100100010111111101111111111110, flags=SA_RESTART|SA_SIGINFO
   SIGPIPE: IsolateEnterStub_IgnoreSIGPIPEStartupHook_noopSignalHandler_8f19bff2f35b5f630d83b364d6b2339320d4ec70_216e8361c6bc87a8f89f58cc10d3b2fd4415bf87 in libjvmcicompiler.so, mask=00000000000000000000000000000000, flags=SA_RESTART
  *** Handler was modified!
  *** Expected: javaSignalHandler in libjvm.so, mask=11100100110111111111111111111110, flags=SA_RESTART|SA_SIGINFO
   SIGXFSZ: javaSignalHandler in libjvm.so, mask=11100100010111111101111111111110, flags=SA_RESTART|SA_SIGINFO
    SIGILL: crash_handler in libjvm.so, mask=11100100010111111101111111111110, flags=SA_RESTART|SA_SIGINFO
   SIGUSR2: SR_handler in libjvm.so, mask=00000000000000000000000000000000, flags=SA_RESTART|SA_SIGINFO
    SIGHUP: UserHandler in libjvm.so, mask=11100100010111111101111111111110, flags=SA_RESTART|SA_SIGINFO
    SIGINT: UserHandler in libjvm.so, mask=11100100010111111101111111111110, flags=SA_RESTART|SA_SIGINFO
   SIGTERM: UserHandler in libjvm.so, mask=11100100010111111101111111111110, flags=SA_RESTART|SA_SIGINFO
   SIGQUIT: UserHandler in libjvm.so, mask=11100100010111111101111111111110, flags=SA_RESTART|SA_SIGINFO
  *** Handler was modified!
  *** Expected: javaSignalHandler in libjvm.so, mask=11100100110111111111111111111110, flags=SA_RESTART|SA_SIGINFO
   SIGTRAP: crash_handler in libjvm.so, mask=11100100010111111101111111111110, flags=SA_RESTART|SA_SIGINFO


---------------  S Y S T E M  ---------------

OS:
DISTRIB_ID=Ubuntu
DISTRIB_RELEASE=20.04
DISTRIB_CODENAME=focal
DISTRIB_DESCRIPTION="Ubuntu 20.04.2 LTS"
uname: Linux 6.5.0-1016-gcp #16~22.04.1-Ubuntu SMP Sat Mar  9 00:58:37 UTC 2024 x86_64
OS uptime: 0 days 0:10 hours
libc: glibc 2.35 NPTL 2.35 
rlimit (soft/hard): STACK 8192k/infinity , CORE infinity/infinity , NPROC infinity/infinity , NOFILE 5242/5242 , AS infinity/infinity , CPU infinity/infinity , DATA infinity/infinity , FSIZE infinity/infinity , MEMLOCK 8192k/8192k
load average: 3.30 2.70 1.55

/proc/meminfo:
MemTotal:       65835412 kB
MemFree:        54192268 kB
MemAvailable:   60280188 kB
Buffers:          415332 kB
Cached:          5956688 kB
SwapCached:            0 kB
Active:          6393264 kB
Inactive:        4323484 kB
Active(anon):    4257532 kB
Inactive(anon):    50084 kB
Active(file):    2135732 kB
Inactive(file):  4273400 kB
Unevictable:       27812 kB
Mlocked:           27812 kB
SwapTotal:             0 kB
SwapFree:              0 kB
Zswap:                 0 kB
Zswapped:              0 kB
Dirty:              3424 kB
Writeback:             0 kB
AnonPages:       4359760 kB
Mapped:          1073072 kB
Shmem:             10844 kB
KReclaimable:     405240 kB
Slab:             581468 kB
SReclaimable:     405240 kB
SUnreclaim:       176228 kB
KernelStack:       45104 kB
PageTables:        64032 kB
SecPageTables:         0 kB
NFS_Unstable:          0 kB
Bounce:                0 kB
WritebackTmp:          0 kB
CommitLimit:    32917704 kB
Committed_AS:   15738884 kB
VmallocTotal:   34359738367 kB
VmallocUsed:       59656 kB
VmallocChunk:          0 kB
Percpu:            10656 kB
HardwareCorrupted:     0 kB
AnonHugePages:     20480 kB
ShmemHugePages:        0 kB
ShmemPmdMapped:        0 kB
FileHugePages:         0 kB
FilePmdMapped:         0 kB
Unaccepted:            0 kB
HugePages_Total:       0
HugePages_Free:        0
HugePages_Rsvd:        0
HugePages_Surp:        0
Hugepagesize:       2048 kB
Hugetlb:               0 kB
DirectMap4k:      154424 kB
DirectMap2M:     9279488 kB
DirectMap1G:    59768832 kB

/sys/kernel/mm/transparent_hugepage/enabled: always [madvise] never
/sys/kernel/mm/transparent_hugepage/defrag (defrag/compaction efforts parameter): always defer defer+madvise [madvise] never

Process Memory:
Virtual Size: 4322944K (peak: 4380480K)
Resident Set Size: 744764K (peak: 780432K) (anon: 547180K, file: 197584K, shmem: 0K)
Swapped out: 0K
C-Heap outstanding allocations: 39299K, retained: 10276K
glibc malloc tunables: (default)

/proc/sys/kernel/threads-max (system-wide limit on the number of threads): 514277
/proc/sys/vm/max_map_count (maximum number of memory map areas a process may have): 65530
/proc/sys/kernel/pid_max (system-wide limit on number of process identifiers): 4194304

container (cgroup) information:
container_type: cgroupv2
cpu_cpuset_cpus: not supported
cpu_memory_nodes: not supported
active_processor_count: 1
cpu_quota: 50000
cpu_period: 100000
cpu_shares: no shares
memory_limit_in_bytes: 1048576 k
memory_and_swap_limit_in_bytes: unlimited
memory_soft_limit_in_bytes: 524288 k
memory_usage_in_bytes: 846604 k
memory_max_usage_in_bytes: not supported
maximum number of tasks: not supported
current number of tasks: not supported

KVM virtualization detected
Steal ticks since vm start: 254
Steal ticks percentage since vm start:  0.001

CPU: total 8 (initial active 1) (8 cores per cpu, 2 threads per core) family 23 model 49 stepping 0 microcode 0xffffffff, cx8, cmov, fxsr, ht, mmx, 3dnowpref, sse, sse2, sse3, ssse3, sse4a, sse4.1, sse4.2, popcnt, lzcnt, tsc, tscinvbit, avx, avx2, aes, clmul, bmi1, bmi2, adx, sha, fma, vzeroupper, clflush, clflushopt, hv
CPU Model and flags from /proc/cpuinfo:
model name	: AMD EPYC 7B12
flags		: fpu vme de pse tsc msr pae mce cx8 apic sep mtrr pge mca cmov pat pse36 clflush mmx fxsr sse sse2 ht syscall nx mmxext fxsr_opt pdpe1gb rdtscp lm constant_tsc rep_good nopl nonstop_tsc cpuid extd_apicid tsc_known_freq pni pclmulqdq ssse3 fma cx16 sse4_1 sse4_2 x2apic movbe popcnt aes xsave avx f16c rdrand hypervisor lahf_lm cmp_legacy cr8_legacy abm sse4a misalignsse 3dnowprefetch osvw topoext ssbd ibrs ibpb stibp vmmcall fsgsbase tsc_adjust bmi1 avx2 smep bmi2 rdseed adx smap clflushopt clwb sha_ni xsaveopt xsavec xgetbv1 clzero xsaveerptr arat npt nrip_save umip rdpid

Online cpus: 0-7
Offline cpus: 
BIOS frequency limitation: <Not Available>
Frequency switch latency (ns): <Not Available>
Available cpu frequencies: <Not Available>
Current governor: <Not Available>
Core performance/turbo boost: <Not Available>

Memory: 4k page, physical 1048576k(201960k free), swap 0k(0k free)
Page Sizes: 4k

vm_info: OpenJDK 64-Bit Server VM (17.0.5+8-jvmci-22.3-b08) for linux-amd64 JRE (17.0.5+8-jvmci-22.3-b08), built on Oct 19 2022 09:01:27 by "buildslave" with gcc 10.3.0

END.
